[2025-02-13T09:31:52.154+0000] {processor.py:186} INFO - Started process (PID=57) to work on /home/airflow/.local/lib/python3.12/site-packages/airflow/example_dags/example_bash_decorator.py
[2025-02-13T09:31:52.155+0000] {processor.py:914} INFO - Processing file /home/airflow/.local/lib/python3.12/site-packages/airflow/example_dags/example_bash_decorator.py for tasks to queue
[2025-02-13T09:31:52.156+0000] {logging_mixin.py:190} INFO - [2025-02-13T09:31:52.156+0000] {dagbag.py:588} INFO - Filling up the DagBag from /home/airflow/.local/lib/python3.12/site-packages/airflow/example_dags/example_bash_decorator.py
[2025-02-13T09:31:52.162+0000] {processor.py:925} INFO - DAG(s) 'example_bash_decorator' retrieved from /home/airflow/.local/lib/python3.12/site-packages/airflow/example_dags/example_bash_decorator.py
[2025-02-13T09:31:52.205+0000] {logging_mixin.py:190} INFO - [2025-02-13T09:31:52.204+0000] {override.py:1912} INFO - Created Permission View: can delete on DAG:example_bash_decorator
[2025-02-13T09:31:52.209+0000] {logging_mixin.py:190} INFO - [2025-02-13T09:31:52.209+0000] {override.py:1912} INFO - Created Permission View: can edit on DAG:example_bash_decorator
[2025-02-13T09:31:52.211+0000] {logging_mixin.py:190} INFO - [2025-02-13T09:31:52.211+0000] {override.py:1912} INFO - Created Permission View: can read on DAG:example_bash_decorator
[2025-02-13T09:31:52.214+0000] {logging_mixin.py:190} INFO - [2025-02-13T09:31:52.214+0000] {override.py:1912} INFO - Created Permission View: can delete on DAG Run:example_bash_decorator
[2025-02-13T09:31:52.216+0000] {logging_mixin.py:190} INFO - [2025-02-13T09:31:52.216+0000] {override.py:1912} INFO - Created Permission View: can create on DAG Run:example_bash_decorator
[2025-02-13T09:31:52.219+0000] {logging_mixin.py:190} INFO - [2025-02-13T09:31:52.219+0000] {override.py:1912} INFO - Created Permission View: menu access on DAG Run:example_bash_decorator
[2025-02-13T09:31:52.221+0000] {logging_mixin.py:190} INFO - [2025-02-13T09:31:52.220+0000] {override.py:1912} INFO - Created Permission View: can read on DAG Run:example_bash_decorator
[2025-02-13T09:31:52.221+0000] {logging_mixin.py:190} INFO - [2025-02-13T09:31:52.221+0000] {dag.py:3239} INFO - Sync 1 DAGs
[2025-02-13T09:31:52.226+0000] {logging_mixin.py:190} INFO - [2025-02-13T09:31:52.226+0000] {dag.py:3262} INFO - Creating ORM DAG for example_bash_decorator
[2025-02-13T09:31:52.227+0000] {logging_mixin.py:190} INFO - [2025-02-13T09:31:52.227+0000] {dag.py:4180} INFO - Setting next_dagrun for example_bash_decorator to None, run_after=None
[2025-02-13T09:31:52.232+0000] {processor.py:208} INFO - Processing /home/airflow/.local/lib/python3.12/site-packages/airflow/example_dags/example_bash_decorator.py took 0.080 seconds
[2025-02-13T09:32:23.287+0000] {processor.py:186} INFO - Started process (PID=119) to work on /home/airflow/.local/lib/python3.12/site-packages/airflow/example_dags/example_bash_decorator.py
[2025-02-13T09:32:23.288+0000] {processor.py:914} INFO - Processing file /home/airflow/.local/lib/python3.12/site-packages/airflow/example_dags/example_bash_decorator.py for tasks to queue
[2025-02-13T09:32:23.288+0000] {logging_mixin.py:190} INFO - [2025-02-13T09:32:23.288+0000] {dagbag.py:588} INFO - Filling up the DagBag from /home/airflow/.local/lib/python3.12/site-packages/airflow/example_dags/example_bash_decorator.py
[2025-02-13T09:32:23.295+0000] {processor.py:925} INFO - DAG(s) 'example_bash_decorator' retrieved from /home/airflow/.local/lib/python3.12/site-packages/airflow/example_dags/example_bash_decorator.py
[2025-02-13T09:32:23.304+0000] {logging_mixin.py:190} INFO - [2025-02-13T09:32:23.304+0000] {dag.py:3239} INFO - Sync 1 DAGs
[2025-02-13T09:32:23.309+0000] {logging_mixin.py:190} INFO - [2025-02-13T09:32:23.309+0000] {dag.py:4180} INFO - Setting next_dagrun for example_bash_decorator to None, run_after=None
[2025-02-13T09:32:23.315+0000] {processor.py:208} INFO - Processing /home/airflow/.local/lib/python3.12/site-packages/airflow/example_dags/example_bash_decorator.py took 0.030 seconds
[2025-02-13T09:32:54.288+0000] {processor.py:186} INFO - Started process (PID=182) to work on /home/airflow/.local/lib/python3.12/site-packages/airflow/example_dags/example_bash_decorator.py
[2025-02-13T09:32:54.288+0000] {processor.py:914} INFO - Processing file /home/airflow/.local/lib/python3.12/site-packages/airflow/example_dags/example_bash_decorator.py for tasks to queue
[2025-02-13T09:32:54.289+0000] {logging_mixin.py:190} INFO - [2025-02-13T09:32:54.289+0000] {dagbag.py:588} INFO - Filling up the DagBag from /home/airflow/.local/lib/python3.12/site-packages/airflow/example_dags/example_bash_decorator.py
[2025-02-13T09:32:54.295+0000] {processor.py:925} INFO - DAG(s) 'example_bash_decorator' retrieved from /home/airflow/.local/lib/python3.12/site-packages/airflow/example_dags/example_bash_decorator.py
[2025-02-13T09:32:54.303+0000] {logging_mixin.py:190} INFO - [2025-02-13T09:32:54.303+0000] {dag.py:3239} INFO - Sync 1 DAGs
[2025-02-13T09:32:54.307+0000] {logging_mixin.py:190} INFO - [2025-02-13T09:32:54.307+0000] {dag.py:4180} INFO - Setting next_dagrun for example_bash_decorator to None, run_after=None
[2025-02-13T09:32:54.313+0000] {processor.py:208} INFO - Processing /home/airflow/.local/lib/python3.12/site-packages/airflow/example_dags/example_bash_decorator.py took 0.027 seconds
[2025-02-13T09:33:25.156+0000] {processor.py:186} INFO - Started process (PID=245) to work on /home/airflow/.local/lib/python3.12/site-packages/airflow/example_dags/example_bash_decorator.py
[2025-02-13T09:33:25.156+0000] {processor.py:914} INFO - Processing file /home/airflow/.local/lib/python3.12/site-packages/airflow/example_dags/example_bash_decorator.py for tasks to queue
[2025-02-13T09:33:25.157+0000] {logging_mixin.py:190} INFO - [2025-02-13T09:33:25.157+0000] {dagbag.py:588} INFO - Filling up the DagBag from /home/airflow/.local/lib/python3.12/site-packages/airflow/example_dags/example_bash_decorator.py
[2025-02-13T09:33:25.164+0000] {processor.py:925} INFO - DAG(s) 'example_bash_decorator' retrieved from /home/airflow/.local/lib/python3.12/site-packages/airflow/example_dags/example_bash_decorator.py
[2025-02-13T09:33:25.171+0000] {logging_mixin.py:190} INFO - [2025-02-13T09:33:25.171+0000] {dag.py:3239} INFO - Sync 1 DAGs
[2025-02-13T09:33:25.176+0000] {logging_mixin.py:190} INFO - [2025-02-13T09:33:25.176+0000] {dag.py:4180} INFO - Setting next_dagrun for example_bash_decorator to None, run_after=None
[2025-02-13T09:33:25.181+0000] {processor.py:208} INFO - Processing /home/airflow/.local/lib/python3.12/site-packages/airflow/example_dags/example_bash_decorator.py took 0.028 seconds
[2025-02-13T09:33:56.013+0000] {processor.py:186} INFO - Started process (PID=307) to work on /home/airflow/.local/lib/python3.12/site-packages/airflow/example_dags/example_bash_decorator.py
[2025-02-13T09:33:56.013+0000] {processor.py:914} INFO - Processing file /home/airflow/.local/lib/python3.12/site-packages/airflow/example_dags/example_bash_decorator.py for tasks to queue
[2025-02-13T09:33:56.015+0000] {logging_mixin.py:190} INFO - [2025-02-13T09:33:56.015+0000] {dagbag.py:588} INFO - Filling up the DagBag from /home/airflow/.local/lib/python3.12/site-packages/airflow/example_dags/example_bash_decorator.py
[2025-02-13T09:33:56.021+0000] {processor.py:925} INFO - DAG(s) 'example_bash_decorator' retrieved from /home/airflow/.local/lib/python3.12/site-packages/airflow/example_dags/example_bash_decorator.py
[2025-02-13T09:33:56.029+0000] {logging_mixin.py:190} INFO - [2025-02-13T09:33:56.029+0000] {dag.py:3239} INFO - Sync 1 DAGs
[2025-02-13T09:33:56.033+0000] {logging_mixin.py:190} INFO - [2025-02-13T09:33:56.033+0000] {dag.py:4180} INFO - Setting next_dagrun for example_bash_decorator to None, run_after=None
[2025-02-13T09:33:56.039+0000] {processor.py:208} INFO - Processing /home/airflow/.local/lib/python3.12/site-packages/airflow/example_dags/example_bash_decorator.py took 0.028 seconds
[2025-02-13T09:34:27.119+0000] {processor.py:186} INFO - Started process (PID=370) to work on /home/airflow/.local/lib/python3.12/site-packages/airflow/example_dags/example_bash_decorator.py
[2025-02-13T09:34:27.120+0000] {processor.py:914} INFO - Processing file /home/airflow/.local/lib/python3.12/site-packages/airflow/example_dags/example_bash_decorator.py for tasks to queue
[2025-02-13T09:34:27.120+0000] {logging_mixin.py:190} INFO - [2025-02-13T09:34:27.120+0000] {dagbag.py:588} INFO - Filling up the DagBag from /home/airflow/.local/lib/python3.12/site-packages/airflow/example_dags/example_bash_decorator.py
[2025-02-13T09:34:27.127+0000] {processor.py:925} INFO - DAG(s) 'example_bash_decorator' retrieved from /home/airflow/.local/lib/python3.12/site-packages/airflow/example_dags/example_bash_decorator.py
[2025-02-13T09:34:27.134+0000] {logging_mixin.py:190} INFO - [2025-02-13T09:34:27.134+0000] {dag.py:3239} INFO - Sync 1 DAGs
[2025-02-13T09:34:27.139+0000] {logging_mixin.py:190} INFO - [2025-02-13T09:34:27.139+0000] {dag.py:4180} INFO - Setting next_dagrun for example_bash_decorator to None, run_after=None
[2025-02-13T09:34:27.145+0000] {processor.py:208} INFO - Processing /home/airflow/.local/lib/python3.12/site-packages/airflow/example_dags/example_bash_decorator.py took 0.028 seconds
[2025-02-13T09:35:11.797+0000] {processor.py:186} INFO - Started process (PID=57) to work on /home/airflow/.local/lib/python3.12/site-packages/airflow/example_dags/example_bash_decorator.py
[2025-02-13T09:35:11.797+0000] {processor.py:914} INFO - Processing file /home/airflow/.local/lib/python3.12/site-packages/airflow/example_dags/example_bash_decorator.py for tasks to queue
[2025-02-13T09:35:11.798+0000] {logging_mixin.py:190} INFO - [2025-02-13T09:35:11.798+0000] {dagbag.py:588} INFO - Filling up the DagBag from /home/airflow/.local/lib/python3.12/site-packages/airflow/example_dags/example_bash_decorator.py
[2025-02-13T09:35:11.805+0000] {processor.py:925} INFO - DAG(s) 'example_bash_decorator' retrieved from /home/airflow/.local/lib/python3.12/site-packages/airflow/example_dags/example_bash_decorator.py
[2025-02-13T09:35:11.853+0000] {logging_mixin.py:190} INFO - [2025-02-13T09:35:11.853+0000] {dag.py:3239} INFO - Sync 1 DAGs
[2025-02-13T09:35:11.858+0000] {logging_mixin.py:190} INFO - [2025-02-13T09:35:11.858+0000] {dag.py:4180} INFO - Setting next_dagrun for example_bash_decorator to None, run_after=None
[2025-02-13T09:35:11.864+0000] {processor.py:208} INFO - Processing /home/airflow/.local/lib/python3.12/site-packages/airflow/example_dags/example_bash_decorator.py took 0.070 seconds
[2025-02-13T09:35:42.050+0000] {processor.py:186} INFO - Started process (PID=120) to work on /home/airflow/.local/lib/python3.12/site-packages/airflow/example_dags/example_bash_decorator.py
[2025-02-13T09:35:42.050+0000] {processor.py:914} INFO - Processing file /home/airflow/.local/lib/python3.12/site-packages/airflow/example_dags/example_bash_decorator.py for tasks to queue
[2025-02-13T09:35:42.051+0000] {logging_mixin.py:190} INFO - [2025-02-13T09:35:42.051+0000] {dagbag.py:588} INFO - Filling up the DagBag from /home/airflow/.local/lib/python3.12/site-packages/airflow/example_dags/example_bash_decorator.py
[2025-02-13T09:35:42.057+0000] {processor.py:925} INFO - DAG(s) 'example_bash_decorator' retrieved from /home/airflow/.local/lib/python3.12/site-packages/airflow/example_dags/example_bash_decorator.py
[2025-02-13T09:35:42.065+0000] {logging_mixin.py:190} INFO - [2025-02-13T09:35:42.065+0000] {dag.py:3239} INFO - Sync 1 DAGs
[2025-02-13T09:35:42.069+0000] {logging_mixin.py:190} INFO - [2025-02-13T09:35:42.069+0000] {dag.py:4180} INFO - Setting next_dagrun for example_bash_decorator to None, run_after=None
[2025-02-13T09:35:42.076+0000] {processor.py:208} INFO - Processing /home/airflow/.local/lib/python3.12/site-packages/airflow/example_dags/example_bash_decorator.py took 0.028 seconds
[2025-02-13T09:36:13.073+0000] {processor.py:186} INFO - Started process (PID=183) to work on /home/airflow/.local/lib/python3.12/site-packages/airflow/example_dags/example_bash_decorator.py
[2025-02-13T09:36:13.073+0000] {processor.py:914} INFO - Processing file /home/airflow/.local/lib/python3.12/site-packages/airflow/example_dags/example_bash_decorator.py for tasks to queue
[2025-02-13T09:36:13.074+0000] {logging_mixin.py:190} INFO - [2025-02-13T09:36:13.074+0000] {dagbag.py:588} INFO - Filling up the DagBag from /home/airflow/.local/lib/python3.12/site-packages/airflow/example_dags/example_bash_decorator.py
[2025-02-13T09:36:13.081+0000] {processor.py:925} INFO - DAG(s) 'example_bash_decorator' retrieved from /home/airflow/.local/lib/python3.12/site-packages/airflow/example_dags/example_bash_decorator.py
[2025-02-13T09:36:13.090+0000] {logging_mixin.py:190} INFO - [2025-02-13T09:36:13.090+0000] {dag.py:3239} INFO - Sync 1 DAGs
[2025-02-13T09:36:13.095+0000] {logging_mixin.py:190} INFO - [2025-02-13T09:36:13.095+0000] {dag.py:4180} INFO - Setting next_dagrun for example_bash_decorator to None, run_after=None
[2025-02-13T09:36:13.101+0000] {processor.py:208} INFO - Processing /home/airflow/.local/lib/python3.12/site-packages/airflow/example_dags/example_bash_decorator.py took 0.032 seconds
[2025-02-13T09:36:44.266+0000] {processor.py:186} INFO - Started process (PID=245) to work on /home/airflow/.local/lib/python3.12/site-packages/airflow/example_dags/example_bash_decorator.py
[2025-02-13T09:36:44.266+0000] {processor.py:914} INFO - Processing file /home/airflow/.local/lib/python3.12/site-packages/airflow/example_dags/example_bash_decorator.py for tasks to queue
[2025-02-13T09:36:44.268+0000] {logging_mixin.py:190} INFO - [2025-02-13T09:36:44.268+0000] {dagbag.py:588} INFO - Filling up the DagBag from /home/airflow/.local/lib/python3.12/site-packages/airflow/example_dags/example_bash_decorator.py
[2025-02-13T09:36:44.273+0000] {processor.py:925} INFO - DAG(s) 'example_bash_decorator' retrieved from /home/airflow/.local/lib/python3.12/site-packages/airflow/example_dags/example_bash_decorator.py
[2025-02-13T09:36:44.281+0000] {logging_mixin.py:190} INFO - [2025-02-13T09:36:44.281+0000] {dag.py:3239} INFO - Sync 1 DAGs
[2025-02-13T09:36:44.286+0000] {logging_mixin.py:190} INFO - [2025-02-13T09:36:44.286+0000] {dag.py:4180} INFO - Setting next_dagrun for example_bash_decorator to None, run_after=None
[2025-02-13T09:36:44.291+0000] {processor.py:208} INFO - Processing /home/airflow/.local/lib/python3.12/site-packages/airflow/example_dags/example_bash_decorator.py took 0.028 seconds
[2025-02-13T09:37:15.158+0000] {processor.py:186} INFO - Started process (PID=308) to work on /home/airflow/.local/lib/python3.12/site-packages/airflow/example_dags/example_bash_decorator.py
[2025-02-13T09:37:15.159+0000] {processor.py:914} INFO - Processing file /home/airflow/.local/lib/python3.12/site-packages/airflow/example_dags/example_bash_decorator.py for tasks to queue
[2025-02-13T09:37:15.160+0000] {logging_mixin.py:190} INFO - [2025-02-13T09:37:15.160+0000] {dagbag.py:588} INFO - Filling up the DagBag from /home/airflow/.local/lib/python3.12/site-packages/airflow/example_dags/example_bash_decorator.py
[2025-02-13T09:37:15.165+0000] {processor.py:925} INFO - DAG(s) 'example_bash_decorator' retrieved from /home/airflow/.local/lib/python3.12/site-packages/airflow/example_dags/example_bash_decorator.py
[2025-02-13T09:37:15.173+0000] {logging_mixin.py:190} INFO - [2025-02-13T09:37:15.173+0000] {dag.py:3239} INFO - Sync 1 DAGs
[2025-02-13T09:37:15.178+0000] {logging_mixin.py:190} INFO - [2025-02-13T09:37:15.177+0000] {dag.py:4180} INFO - Setting next_dagrun for example_bash_decorator to None, run_after=None
[2025-02-13T09:37:15.183+0000] {processor.py:208} INFO - Processing /home/airflow/.local/lib/python3.12/site-packages/airflow/example_dags/example_bash_decorator.py took 0.027 seconds
[2025-02-13T09:37:46.041+0000] {processor.py:186} INFO - Started process (PID=371) to work on /home/airflow/.local/lib/python3.12/site-packages/airflow/example_dags/example_bash_decorator.py
[2025-02-13T09:37:46.042+0000] {processor.py:914} INFO - Processing file /home/airflow/.local/lib/python3.12/site-packages/airflow/example_dags/example_bash_decorator.py for tasks to queue
[2025-02-13T09:37:46.043+0000] {logging_mixin.py:190} INFO - [2025-02-13T09:37:46.043+0000] {dagbag.py:588} INFO - Filling up the DagBag from /home/airflow/.local/lib/python3.12/site-packages/airflow/example_dags/example_bash_decorator.py
[2025-02-13T09:37:46.050+0000] {processor.py:925} INFO - DAG(s) 'example_bash_decorator' retrieved from /home/airflow/.local/lib/python3.12/site-packages/airflow/example_dags/example_bash_decorator.py
[2025-02-13T09:37:46.058+0000] {logging_mixin.py:190} INFO - [2025-02-13T09:37:46.058+0000] {dag.py:3239} INFO - Sync 1 DAGs
[2025-02-13T09:37:46.062+0000] {logging_mixin.py:190} INFO - [2025-02-13T09:37:46.062+0000] {dag.py:4180} INFO - Setting next_dagrun for example_bash_decorator to None, run_after=None
[2025-02-13T09:37:46.068+0000] {processor.py:208} INFO - Processing /home/airflow/.local/lib/python3.12/site-packages/airflow/example_dags/example_bash_decorator.py took 0.029 seconds
[2025-02-13T09:38:17.004+0000] {processor.py:186} INFO - Started process (PID=434) to work on /home/airflow/.local/lib/python3.12/site-packages/airflow/example_dags/example_bash_decorator.py
[2025-02-13T09:38:17.005+0000] {processor.py:914} INFO - Processing file /home/airflow/.local/lib/python3.12/site-packages/airflow/example_dags/example_bash_decorator.py for tasks to queue
[2025-02-13T09:38:17.005+0000] {logging_mixin.py:190} INFO - [2025-02-13T09:38:17.005+0000] {dagbag.py:588} INFO - Filling up the DagBag from /home/airflow/.local/lib/python3.12/site-packages/airflow/example_dags/example_bash_decorator.py
[2025-02-13T09:38:17.011+0000] {processor.py:925} INFO - DAG(s) 'example_bash_decorator' retrieved from /home/airflow/.local/lib/python3.12/site-packages/airflow/example_dags/example_bash_decorator.py
[2025-02-13T09:38:17.018+0000] {logging_mixin.py:190} INFO - [2025-02-13T09:38:17.018+0000] {dag.py:3239} INFO - Sync 1 DAGs
[2025-02-13T09:38:17.023+0000] {logging_mixin.py:190} INFO - [2025-02-13T09:38:17.023+0000] {dag.py:4180} INFO - Setting next_dagrun for example_bash_decorator to None, run_after=None
[2025-02-13T09:38:17.028+0000] {processor.py:208} INFO - Processing /home/airflow/.local/lib/python3.12/site-packages/airflow/example_dags/example_bash_decorator.py took 0.026 seconds
[2025-02-13T09:38:48.011+0000] {processor.py:186} INFO - Started process (PID=497) to work on /home/airflow/.local/lib/python3.12/site-packages/airflow/example_dags/example_bash_decorator.py
[2025-02-13T09:38:48.012+0000] {processor.py:914} INFO - Processing file /home/airflow/.local/lib/python3.12/site-packages/airflow/example_dags/example_bash_decorator.py for tasks to queue
[2025-02-13T09:38:48.012+0000] {logging_mixin.py:190} INFO - [2025-02-13T09:38:48.012+0000] {dagbag.py:588} INFO - Filling up the DagBag from /home/airflow/.local/lib/python3.12/site-packages/airflow/example_dags/example_bash_decorator.py
[2025-02-13T09:38:48.019+0000] {processor.py:925} INFO - DAG(s) 'example_bash_decorator' retrieved from /home/airflow/.local/lib/python3.12/site-packages/airflow/example_dags/example_bash_decorator.py
[2025-02-13T09:38:48.027+0000] {logging_mixin.py:190} INFO - [2025-02-13T09:38:48.027+0000] {dag.py:3239} INFO - Sync 1 DAGs
[2025-02-13T09:38:48.032+0000] {logging_mixin.py:190} INFO - [2025-02-13T09:38:48.031+0000] {dag.py:4180} INFO - Setting next_dagrun for example_bash_decorator to None, run_after=None
[2025-02-13T09:38:48.037+0000] {processor.py:208} INFO - Processing /home/airflow/.local/lib/python3.12/site-packages/airflow/example_dags/example_bash_decorator.py took 0.028 seconds
[2025-02-13T09:39:18.963+0000] {processor.py:186} INFO - Started process (PID=560) to work on /home/airflow/.local/lib/python3.12/site-packages/airflow/example_dags/example_bash_decorator.py
[2025-02-13T09:39:18.964+0000] {processor.py:914} INFO - Processing file /home/airflow/.local/lib/python3.12/site-packages/airflow/example_dags/example_bash_decorator.py for tasks to queue
[2025-02-13T09:39:18.965+0000] {logging_mixin.py:190} INFO - [2025-02-13T09:39:18.965+0000] {dagbag.py:588} INFO - Filling up the DagBag from /home/airflow/.local/lib/python3.12/site-packages/airflow/example_dags/example_bash_decorator.py
[2025-02-13T09:39:18.971+0000] {processor.py:925} INFO - DAG(s) 'example_bash_decorator' retrieved from /home/airflow/.local/lib/python3.12/site-packages/airflow/example_dags/example_bash_decorator.py
[2025-02-13T09:39:18.980+0000] {logging_mixin.py:190} INFO - [2025-02-13T09:39:18.980+0000] {dag.py:3239} INFO - Sync 1 DAGs
[2025-02-13T09:39:18.984+0000] {logging_mixin.py:190} INFO - [2025-02-13T09:39:18.984+0000] {dag.py:4180} INFO - Setting next_dagrun for example_bash_decorator to None, run_after=None
[2025-02-13T09:39:18.990+0000] {processor.py:208} INFO - Processing /home/airflow/.local/lib/python3.12/site-packages/airflow/example_dags/example_bash_decorator.py took 0.029 seconds
[2025-02-13T09:39:49.931+0000] {processor.py:186} INFO - Started process (PID=623) to work on /home/airflow/.local/lib/python3.12/site-packages/airflow/example_dags/example_bash_decorator.py
[2025-02-13T09:39:49.931+0000] {processor.py:914} INFO - Processing file /home/airflow/.local/lib/python3.12/site-packages/airflow/example_dags/example_bash_decorator.py for tasks to queue
[2025-02-13T09:39:49.932+0000] {logging_mixin.py:190} INFO - [2025-02-13T09:39:49.932+0000] {dagbag.py:588} INFO - Filling up the DagBag from /home/airflow/.local/lib/python3.12/site-packages/airflow/example_dags/example_bash_decorator.py
[2025-02-13T09:39:49.939+0000] {processor.py:925} INFO - DAG(s) 'example_bash_decorator' retrieved from /home/airflow/.local/lib/python3.12/site-packages/airflow/example_dags/example_bash_decorator.py
[2025-02-13T09:39:49.948+0000] {logging_mixin.py:190} INFO - [2025-02-13T09:39:49.948+0000] {dag.py:3239} INFO - Sync 1 DAGs
[2025-02-13T09:39:49.953+0000] {logging_mixin.py:190} INFO - [2025-02-13T09:39:49.953+0000] {dag.py:4180} INFO - Setting next_dagrun for example_bash_decorator to None, run_after=None
[2025-02-13T09:39:49.965+0000] {processor.py:208} INFO - Processing /home/airflow/.local/lib/python3.12/site-packages/airflow/example_dags/example_bash_decorator.py took 0.037 seconds
[2025-02-13T09:40:21.084+0000] {processor.py:186} INFO - Started process (PID=687) to work on /home/airflow/.local/lib/python3.12/site-packages/airflow/example_dags/example_bash_decorator.py
[2025-02-13T09:40:21.084+0000] {processor.py:914} INFO - Processing file /home/airflow/.local/lib/python3.12/site-packages/airflow/example_dags/example_bash_decorator.py for tasks to queue
[2025-02-13T09:40:21.086+0000] {logging_mixin.py:190} INFO - [2025-02-13T09:40:21.086+0000] {dagbag.py:588} INFO - Filling up the DagBag from /home/airflow/.local/lib/python3.12/site-packages/airflow/example_dags/example_bash_decorator.py
[2025-02-13T09:40:21.092+0000] {processor.py:925} INFO - DAG(s) 'example_bash_decorator' retrieved from /home/airflow/.local/lib/python3.12/site-packages/airflow/example_dags/example_bash_decorator.py
[2025-02-13T09:40:21.100+0000] {logging_mixin.py:190} INFO - [2025-02-13T09:40:21.099+0000] {dag.py:3239} INFO - Sync 1 DAGs
[2025-02-13T09:40:21.106+0000] {logging_mixin.py:190} INFO - [2025-02-13T09:40:21.106+0000] {dag.py:4180} INFO - Setting next_dagrun for example_bash_decorator to None, run_after=None
[2025-02-13T09:40:21.116+0000] {processor.py:208} INFO - Processing /home/airflow/.local/lib/python3.12/site-packages/airflow/example_dags/example_bash_decorator.py took 0.034 seconds
[2025-02-13T09:40:52.193+0000] {processor.py:186} INFO - Started process (PID=751) to work on /home/airflow/.local/lib/python3.12/site-packages/airflow/example_dags/example_bash_decorator.py
[2025-02-13T09:40:52.193+0000] {processor.py:914} INFO - Processing file /home/airflow/.local/lib/python3.12/site-packages/airflow/example_dags/example_bash_decorator.py for tasks to queue
[2025-02-13T09:40:52.194+0000] {logging_mixin.py:190} INFO - [2025-02-13T09:40:52.194+0000] {dagbag.py:588} INFO - Filling up the DagBag from /home/airflow/.local/lib/python3.12/site-packages/airflow/example_dags/example_bash_decorator.py
[2025-02-13T09:40:52.200+0000] {processor.py:925} INFO - DAG(s) 'example_bash_decorator' retrieved from /home/airflow/.local/lib/python3.12/site-packages/airflow/example_dags/example_bash_decorator.py
[2025-02-13T09:40:52.209+0000] {logging_mixin.py:190} INFO - [2025-02-13T09:40:52.209+0000] {dag.py:3239} INFO - Sync 1 DAGs
[2025-02-13T09:40:52.214+0000] {logging_mixin.py:190} INFO - [2025-02-13T09:40:52.214+0000] {dag.py:4180} INFO - Setting next_dagrun for example_bash_decorator to None, run_after=None
[2025-02-13T09:40:52.223+0000] {processor.py:208} INFO - Processing /home/airflow/.local/lib/python3.12/site-packages/airflow/example_dags/example_bash_decorator.py took 0.032 seconds
[2025-02-13T09:41:23.313+0000] {processor.py:186} INFO - Started process (PID=815) to work on /home/airflow/.local/lib/python3.12/site-packages/airflow/example_dags/example_bash_decorator.py
[2025-02-13T09:41:23.313+0000] {processor.py:914} INFO - Processing file /home/airflow/.local/lib/python3.12/site-packages/airflow/example_dags/example_bash_decorator.py for tasks to queue
[2025-02-13T09:41:23.314+0000] {logging_mixin.py:190} INFO - [2025-02-13T09:41:23.314+0000] {dagbag.py:588} INFO - Filling up the DagBag from /home/airflow/.local/lib/python3.12/site-packages/airflow/example_dags/example_bash_decorator.py
[2025-02-13T09:41:23.321+0000] {processor.py:925} INFO - DAG(s) 'example_bash_decorator' retrieved from /home/airflow/.local/lib/python3.12/site-packages/airflow/example_dags/example_bash_decorator.py
[2025-02-13T09:41:23.330+0000] {logging_mixin.py:190} INFO - [2025-02-13T09:41:23.330+0000] {dag.py:3239} INFO - Sync 1 DAGs
[2025-02-13T09:41:23.335+0000] {logging_mixin.py:190} INFO - [2025-02-13T09:41:23.335+0000] {dag.py:4180} INFO - Setting next_dagrun for example_bash_decorator to None, run_after=None
[2025-02-13T09:41:23.342+0000] {processor.py:208} INFO - Processing /home/airflow/.local/lib/python3.12/site-packages/airflow/example_dags/example_bash_decorator.py took 0.032 seconds
[2025-02-13T09:41:54.395+0000] {processor.py:186} INFO - Started process (PID=879) to work on /home/airflow/.local/lib/python3.12/site-packages/airflow/example_dags/example_bash_decorator.py
[2025-02-13T09:41:54.396+0000] {processor.py:914} INFO - Processing file /home/airflow/.local/lib/python3.12/site-packages/airflow/example_dags/example_bash_decorator.py for tasks to queue
[2025-02-13T09:41:54.397+0000] {logging_mixin.py:190} INFO - [2025-02-13T09:41:54.397+0000] {dagbag.py:588} INFO - Filling up the DagBag from /home/airflow/.local/lib/python3.12/site-packages/airflow/example_dags/example_bash_decorator.py
[2025-02-13T09:41:54.403+0000] {processor.py:925} INFO - DAG(s) 'example_bash_decorator' retrieved from /home/airflow/.local/lib/python3.12/site-packages/airflow/example_dags/example_bash_decorator.py
[2025-02-13T09:41:54.411+0000] {logging_mixin.py:190} INFO - [2025-02-13T09:41:54.411+0000] {dag.py:3239} INFO - Sync 1 DAGs
[2025-02-13T09:41:54.416+0000] {logging_mixin.py:190} INFO - [2025-02-13T09:41:54.416+0000] {dag.py:4180} INFO - Setting next_dagrun for example_bash_decorator to None, run_after=None
[2025-02-13T09:41:54.423+0000] {processor.py:208} INFO - Processing /home/airflow/.local/lib/python3.12/site-packages/airflow/example_dags/example_bash_decorator.py took 0.031 seconds
[2025-02-13T09:42:25.600+0000] {processor.py:186} INFO - Started process (PID=943) to work on /home/airflow/.local/lib/python3.12/site-packages/airflow/example_dags/example_bash_decorator.py
[2025-02-13T09:42:25.601+0000] {processor.py:914} INFO - Processing file /home/airflow/.local/lib/python3.12/site-packages/airflow/example_dags/example_bash_decorator.py for tasks to queue
[2025-02-13T09:42:25.602+0000] {logging_mixin.py:190} INFO - [2025-02-13T09:42:25.602+0000] {dagbag.py:588} INFO - Filling up the DagBag from /home/airflow/.local/lib/python3.12/site-packages/airflow/example_dags/example_bash_decorator.py
[2025-02-13T09:42:25.608+0000] {processor.py:925} INFO - DAG(s) 'example_bash_decorator' retrieved from /home/airflow/.local/lib/python3.12/site-packages/airflow/example_dags/example_bash_decorator.py
[2025-02-13T09:42:25.618+0000] {logging_mixin.py:190} INFO - [2025-02-13T09:42:25.618+0000] {dag.py:3239} INFO - Sync 1 DAGs
[2025-02-13T09:42:25.623+0000] {logging_mixin.py:190} INFO - [2025-02-13T09:42:25.623+0000] {dag.py:4180} INFO - Setting next_dagrun for example_bash_decorator to None, run_after=None
[2025-02-13T09:42:25.635+0000] {processor.py:208} INFO - Processing /home/airflow/.local/lib/python3.12/site-packages/airflow/example_dags/example_bash_decorator.py took 0.037 seconds
[2025-02-13T09:42:56.104+0000] {processor.py:186} INFO - Started process (PID=1007) to work on /home/airflow/.local/lib/python3.12/site-packages/airflow/example_dags/example_bash_decorator.py
[2025-02-13T09:42:56.105+0000] {processor.py:914} INFO - Processing file /home/airflow/.local/lib/python3.12/site-packages/airflow/example_dags/example_bash_decorator.py for tasks to queue
[2025-02-13T09:42:56.106+0000] {logging_mixin.py:190} INFO - [2025-02-13T09:42:56.106+0000] {dagbag.py:588} INFO - Filling up the DagBag from /home/airflow/.local/lib/python3.12/site-packages/airflow/example_dags/example_bash_decorator.py
[2025-02-13T09:42:56.113+0000] {processor.py:925} INFO - DAG(s) 'example_bash_decorator' retrieved from /home/airflow/.local/lib/python3.12/site-packages/airflow/example_dags/example_bash_decorator.py
[2025-02-13T09:42:56.121+0000] {logging_mixin.py:190} INFO - [2025-02-13T09:42:56.121+0000] {dag.py:3239} INFO - Sync 1 DAGs
[2025-02-13T09:42:56.125+0000] {logging_mixin.py:190} INFO - [2025-02-13T09:42:56.125+0000] {dag.py:4180} INFO - Setting next_dagrun for example_bash_decorator to None, run_after=None
[2025-02-13T09:42:56.132+0000] {processor.py:208} INFO - Processing /home/airflow/.local/lib/python3.12/site-packages/airflow/example_dags/example_bash_decorator.py took 0.031 seconds
[2025-02-13T09:43:27.193+0000] {processor.py:186} INFO - Started process (PID=1070) to work on /home/airflow/.local/lib/python3.12/site-packages/airflow/example_dags/example_bash_decorator.py
[2025-02-13T09:43:27.194+0000] {processor.py:914} INFO - Processing file /home/airflow/.local/lib/python3.12/site-packages/airflow/example_dags/example_bash_decorator.py for tasks to queue
[2025-02-13T09:43:27.194+0000] {logging_mixin.py:190} INFO - [2025-02-13T09:43:27.194+0000] {dagbag.py:588} INFO - Filling up the DagBag from /home/airflow/.local/lib/python3.12/site-packages/airflow/example_dags/example_bash_decorator.py
[2025-02-13T09:43:27.200+0000] {processor.py:925} INFO - DAG(s) 'example_bash_decorator' retrieved from /home/airflow/.local/lib/python3.12/site-packages/airflow/example_dags/example_bash_decorator.py
[2025-02-13T09:43:27.207+0000] {logging_mixin.py:190} INFO - [2025-02-13T09:43:27.207+0000] {dag.py:3239} INFO - Sync 1 DAGs
[2025-02-13T09:43:27.211+0000] {logging_mixin.py:190} INFO - [2025-02-13T09:43:27.211+0000] {dag.py:4180} INFO - Setting next_dagrun for example_bash_decorator to None, run_after=None
[2025-02-13T09:43:27.216+0000] {processor.py:208} INFO - Processing /home/airflow/.local/lib/python3.12/site-packages/airflow/example_dags/example_bash_decorator.py took 0.025 seconds
[2025-02-13T09:43:58.382+0000] {processor.py:186} INFO - Started process (PID=1134) to work on /home/airflow/.local/lib/python3.12/site-packages/airflow/example_dags/example_bash_decorator.py
[2025-02-13T09:43:58.382+0000] {processor.py:914} INFO - Processing file /home/airflow/.local/lib/python3.12/site-packages/airflow/example_dags/example_bash_decorator.py for tasks to queue
[2025-02-13T09:43:58.383+0000] {logging_mixin.py:190} INFO - [2025-02-13T09:43:58.383+0000] {dagbag.py:588} INFO - Filling up the DagBag from /home/airflow/.local/lib/python3.12/site-packages/airflow/example_dags/example_bash_decorator.py
[2025-02-13T09:43:58.389+0000] {processor.py:925} INFO - DAG(s) 'example_bash_decorator' retrieved from /home/airflow/.local/lib/python3.12/site-packages/airflow/example_dags/example_bash_decorator.py
[2025-02-13T09:43:58.396+0000] {logging_mixin.py:190} INFO - [2025-02-13T09:43:58.396+0000] {dag.py:3239} INFO - Sync 1 DAGs
[2025-02-13T09:43:58.400+0000] {logging_mixin.py:190} INFO - [2025-02-13T09:43:58.400+0000] {dag.py:4180} INFO - Setting next_dagrun for example_bash_decorator to None, run_after=None
[2025-02-13T09:43:58.405+0000] {processor.py:208} INFO - Processing /home/airflow/.local/lib/python3.12/site-packages/airflow/example_dags/example_bash_decorator.py took 0.025 seconds
[2025-02-13T09:44:29.554+0000] {processor.py:186} INFO - Started process (PID=1198) to work on /home/airflow/.local/lib/python3.12/site-packages/airflow/example_dags/example_bash_decorator.py
[2025-02-13T09:44:29.555+0000] {processor.py:914} INFO - Processing file /home/airflow/.local/lib/python3.12/site-packages/airflow/example_dags/example_bash_decorator.py for tasks to queue
[2025-02-13T09:44:29.556+0000] {logging_mixin.py:190} INFO - [2025-02-13T09:44:29.556+0000] {dagbag.py:588} INFO - Filling up the DagBag from /home/airflow/.local/lib/python3.12/site-packages/airflow/example_dags/example_bash_decorator.py
[2025-02-13T09:44:29.563+0000] {processor.py:925} INFO - DAG(s) 'example_bash_decorator' retrieved from /home/airflow/.local/lib/python3.12/site-packages/airflow/example_dags/example_bash_decorator.py
[2025-02-13T09:44:29.570+0000] {logging_mixin.py:190} INFO - [2025-02-13T09:44:29.570+0000] {dag.py:3239} INFO - Sync 1 DAGs
[2025-02-13T09:44:29.575+0000] {logging_mixin.py:190} INFO - [2025-02-13T09:44:29.575+0000] {dag.py:4180} INFO - Setting next_dagrun for example_bash_decorator to None, run_after=None
[2025-02-13T09:44:29.583+0000] {processor.py:208} INFO - Processing /home/airflow/.local/lib/python3.12/site-packages/airflow/example_dags/example_bash_decorator.py took 0.031 seconds
[2025-02-13T09:45:00.715+0000] {processor.py:186} INFO - Started process (PID=1262) to work on /home/airflow/.local/lib/python3.12/site-packages/airflow/example_dags/example_bash_decorator.py
[2025-02-13T09:45:00.716+0000] {processor.py:914} INFO - Processing file /home/airflow/.local/lib/python3.12/site-packages/airflow/example_dags/example_bash_decorator.py for tasks to queue
[2025-02-13T09:45:00.717+0000] {logging_mixin.py:190} INFO - [2025-02-13T09:45:00.717+0000] {dagbag.py:588} INFO - Filling up the DagBag from /home/airflow/.local/lib/python3.12/site-packages/airflow/example_dags/example_bash_decorator.py
[2025-02-13T09:45:00.724+0000] {processor.py:925} INFO - DAG(s) 'example_bash_decorator' retrieved from /home/airflow/.local/lib/python3.12/site-packages/airflow/example_dags/example_bash_decorator.py
[2025-02-13T09:45:00.731+0000] {logging_mixin.py:190} INFO - [2025-02-13T09:45:00.731+0000] {dag.py:3239} INFO - Sync 1 DAGs
[2025-02-13T09:45:00.736+0000] {logging_mixin.py:190} INFO - [2025-02-13T09:45:00.736+0000] {dag.py:4180} INFO - Setting next_dagrun for example_bash_decorator to None, run_after=None
[2025-02-13T09:45:00.742+0000] {processor.py:208} INFO - Processing /home/airflow/.local/lib/python3.12/site-packages/airflow/example_dags/example_bash_decorator.py took 0.029 seconds
[2025-02-13T09:45:31.858+0000] {processor.py:186} INFO - Started process (PID=1326) to work on /home/airflow/.local/lib/python3.12/site-packages/airflow/example_dags/example_bash_decorator.py
[2025-02-13T09:45:31.858+0000] {processor.py:914} INFO - Processing file /home/airflow/.local/lib/python3.12/site-packages/airflow/example_dags/example_bash_decorator.py for tasks to queue
[2025-02-13T09:45:31.859+0000] {logging_mixin.py:190} INFO - [2025-02-13T09:45:31.859+0000] {dagbag.py:588} INFO - Filling up the DagBag from /home/airflow/.local/lib/python3.12/site-packages/airflow/example_dags/example_bash_decorator.py
[2025-02-13T09:45:31.865+0000] {processor.py:925} INFO - DAG(s) 'example_bash_decorator' retrieved from /home/airflow/.local/lib/python3.12/site-packages/airflow/example_dags/example_bash_decorator.py
[2025-02-13T09:45:31.873+0000] {logging_mixin.py:190} INFO - [2025-02-13T09:45:31.873+0000] {dag.py:3239} INFO - Sync 1 DAGs
[2025-02-13T09:45:31.878+0000] {logging_mixin.py:190} INFO - [2025-02-13T09:45:31.878+0000] {dag.py:4180} INFO - Setting next_dagrun for example_bash_decorator to None, run_after=None
[2025-02-13T09:45:31.883+0000] {processor.py:208} INFO - Processing /home/airflow/.local/lib/python3.12/site-packages/airflow/example_dags/example_bash_decorator.py took 0.028 seconds
[2025-02-13T09:46:02.845+0000] {processor.py:186} INFO - Started process (PID=1390) to work on /home/airflow/.local/lib/python3.12/site-packages/airflow/example_dags/example_bash_decorator.py
[2025-02-13T09:46:02.845+0000] {processor.py:914} INFO - Processing file /home/airflow/.local/lib/python3.12/site-packages/airflow/example_dags/example_bash_decorator.py for tasks to queue
[2025-02-13T09:46:02.846+0000] {logging_mixin.py:190} INFO - [2025-02-13T09:46:02.846+0000] {dagbag.py:588} INFO - Filling up the DagBag from /home/airflow/.local/lib/python3.12/site-packages/airflow/example_dags/example_bash_decorator.py
[2025-02-13T09:46:02.852+0000] {processor.py:925} INFO - DAG(s) 'example_bash_decorator' retrieved from /home/airflow/.local/lib/python3.12/site-packages/airflow/example_dags/example_bash_decorator.py
[2025-02-13T09:46:02.859+0000] {logging_mixin.py:190} INFO - [2025-02-13T09:46:02.859+0000] {dag.py:3239} INFO - Sync 1 DAGs
[2025-02-13T09:46:02.864+0000] {logging_mixin.py:190} INFO - [2025-02-13T09:46:02.864+0000] {dag.py:4180} INFO - Setting next_dagrun for example_bash_decorator to None, run_after=None
[2025-02-13T09:46:02.871+0000] {processor.py:208} INFO - Processing /home/airflow/.local/lib/python3.12/site-packages/airflow/example_dags/example_bash_decorator.py took 0.028 seconds
[2025-02-13T09:46:33.909+0000] {processor.py:186} INFO - Started process (PID=1454) to work on /home/airflow/.local/lib/python3.12/site-packages/airflow/example_dags/example_bash_decorator.py
[2025-02-13T09:46:33.910+0000] {processor.py:914} INFO - Processing file /home/airflow/.local/lib/python3.12/site-packages/airflow/example_dags/example_bash_decorator.py for tasks to queue
[2025-02-13T09:46:33.911+0000] {logging_mixin.py:190} INFO - [2025-02-13T09:46:33.911+0000] {dagbag.py:588} INFO - Filling up the DagBag from /home/airflow/.local/lib/python3.12/site-packages/airflow/example_dags/example_bash_decorator.py
[2025-02-13T09:46:33.917+0000] {processor.py:925} INFO - DAG(s) 'example_bash_decorator' retrieved from /home/airflow/.local/lib/python3.12/site-packages/airflow/example_dags/example_bash_decorator.py
[2025-02-13T09:46:33.925+0000] {logging_mixin.py:190} INFO - [2025-02-13T09:46:33.925+0000] {dag.py:3239} INFO - Sync 1 DAGs
[2025-02-13T09:46:33.930+0000] {logging_mixin.py:190} INFO - [2025-02-13T09:46:33.930+0000] {dag.py:4180} INFO - Setting next_dagrun for example_bash_decorator to None, run_after=None
[2025-02-13T09:46:33.937+0000] {processor.py:208} INFO - Processing /home/airflow/.local/lib/python3.12/site-packages/airflow/example_dags/example_bash_decorator.py took 0.030 seconds
[2025-02-13T09:47:04.953+0000] {processor.py:186} INFO - Started process (PID=1518) to work on /home/airflow/.local/lib/python3.12/site-packages/airflow/example_dags/example_bash_decorator.py
[2025-02-13T09:47:04.954+0000] {processor.py:914} INFO - Processing file /home/airflow/.local/lib/python3.12/site-packages/airflow/example_dags/example_bash_decorator.py for tasks to queue
[2025-02-13T09:47:04.954+0000] {logging_mixin.py:190} INFO - [2025-02-13T09:47:04.954+0000] {dagbag.py:588} INFO - Filling up the DagBag from /home/airflow/.local/lib/python3.12/site-packages/airflow/example_dags/example_bash_decorator.py
[2025-02-13T09:47:04.961+0000] {processor.py:925} INFO - DAG(s) 'example_bash_decorator' retrieved from /home/airflow/.local/lib/python3.12/site-packages/airflow/example_dags/example_bash_decorator.py
[2025-02-13T09:47:04.969+0000] {logging_mixin.py:190} INFO - [2025-02-13T09:47:04.969+0000] {dag.py:3239} INFO - Sync 1 DAGs
[2025-02-13T09:47:04.975+0000] {logging_mixin.py:190} INFO - [2025-02-13T09:47:04.975+0000] {dag.py:4180} INFO - Setting next_dagrun for example_bash_decorator to None, run_after=None
[2025-02-13T09:47:04.983+0000] {processor.py:208} INFO - Processing /home/airflow/.local/lib/python3.12/site-packages/airflow/example_dags/example_bash_decorator.py took 0.032 seconds
[2025-02-13T09:47:36.094+0000] {processor.py:186} INFO - Started process (PID=1585) to work on /home/airflow/.local/lib/python3.12/site-packages/airflow/example_dags/example_bash_decorator.py
[2025-02-13T09:47:36.095+0000] {processor.py:914} INFO - Processing file /home/airflow/.local/lib/python3.12/site-packages/airflow/example_dags/example_bash_decorator.py for tasks to queue
[2025-02-13T09:47:36.097+0000] {logging_mixin.py:190} INFO - [2025-02-13T09:47:36.096+0000] {dagbag.py:588} INFO - Filling up the DagBag from /home/airflow/.local/lib/python3.12/site-packages/airflow/example_dags/example_bash_decorator.py
[2025-02-13T09:47:36.103+0000] {processor.py:925} INFO - DAG(s) 'example_bash_decorator' retrieved from /home/airflow/.local/lib/python3.12/site-packages/airflow/example_dags/example_bash_decorator.py
[2025-02-13T09:47:36.111+0000] {logging_mixin.py:190} INFO - [2025-02-13T09:47:36.111+0000] {dag.py:3239} INFO - Sync 1 DAGs
[2025-02-13T09:47:36.117+0000] {logging_mixin.py:190} INFO - [2025-02-13T09:47:36.117+0000] {dag.py:4180} INFO - Setting next_dagrun for example_bash_decorator to None, run_after=None
[2025-02-13T09:47:36.123+0000] {processor.py:208} INFO - Processing /home/airflow/.local/lib/python3.12/site-packages/airflow/example_dags/example_bash_decorator.py took 0.031 seconds
[2025-02-13T09:48:06.591+0000] {processor.py:186} INFO - Started process (PID=1650) to work on /home/airflow/.local/lib/python3.12/site-packages/airflow/example_dags/example_bash_decorator.py
[2025-02-13T09:48:06.592+0000] {processor.py:914} INFO - Processing file /home/airflow/.local/lib/python3.12/site-packages/airflow/example_dags/example_bash_decorator.py for tasks to queue
[2025-02-13T09:48:06.594+0000] {logging_mixin.py:190} INFO - [2025-02-13T09:48:06.593+0000] {dagbag.py:588} INFO - Filling up the DagBag from /home/airflow/.local/lib/python3.12/site-packages/airflow/example_dags/example_bash_decorator.py
[2025-02-13T09:48:06.601+0000] {processor.py:925} INFO - DAG(s) 'example_bash_decorator' retrieved from /home/airflow/.local/lib/python3.12/site-packages/airflow/example_dags/example_bash_decorator.py
[2025-02-13T09:48:06.609+0000] {logging_mixin.py:190} INFO - [2025-02-13T09:48:06.609+0000] {dag.py:3239} INFO - Sync 1 DAGs
[2025-02-13T09:48:06.614+0000] {logging_mixin.py:190} INFO - [2025-02-13T09:48:06.614+0000] {dag.py:4180} INFO - Setting next_dagrun for example_bash_decorator to None, run_after=None
[2025-02-13T09:48:06.621+0000] {processor.py:208} INFO - Processing /home/airflow/.local/lib/python3.12/site-packages/airflow/example_dags/example_bash_decorator.py took 0.032 seconds
[2025-02-13T09:48:37.748+0000] {processor.py:186} INFO - Started process (PID=1714) to work on /home/airflow/.local/lib/python3.12/site-packages/airflow/example_dags/example_bash_decorator.py
[2025-02-13T09:48:37.749+0000] {processor.py:914} INFO - Processing file /home/airflow/.local/lib/python3.12/site-packages/airflow/example_dags/example_bash_decorator.py for tasks to queue
[2025-02-13T09:48:37.750+0000] {logging_mixin.py:190} INFO - [2025-02-13T09:48:37.750+0000] {dagbag.py:588} INFO - Filling up the DagBag from /home/airflow/.local/lib/python3.12/site-packages/airflow/example_dags/example_bash_decorator.py
[2025-02-13T09:48:37.757+0000] {processor.py:925} INFO - DAG(s) 'example_bash_decorator' retrieved from /home/airflow/.local/lib/python3.12/site-packages/airflow/example_dags/example_bash_decorator.py
[2025-02-13T09:48:37.766+0000] {logging_mixin.py:190} INFO - [2025-02-13T09:48:37.765+0000] {dag.py:3239} INFO - Sync 1 DAGs
[2025-02-13T09:48:37.770+0000] {logging_mixin.py:190} INFO - [2025-02-13T09:48:37.770+0000] {dag.py:4180} INFO - Setting next_dagrun for example_bash_decorator to None, run_after=None
[2025-02-13T09:48:37.778+0000] {processor.py:208} INFO - Processing /home/airflow/.local/lib/python3.12/site-packages/airflow/example_dags/example_bash_decorator.py took 0.032 seconds
[2025-02-13T09:49:08.936+0000] {processor.py:186} INFO - Started process (PID=1779) to work on /home/airflow/.local/lib/python3.12/site-packages/airflow/example_dags/example_bash_decorator.py
[2025-02-13T09:49:08.936+0000] {processor.py:914} INFO - Processing file /home/airflow/.local/lib/python3.12/site-packages/airflow/example_dags/example_bash_decorator.py for tasks to queue
[2025-02-13T09:49:08.938+0000] {logging_mixin.py:190} INFO - [2025-02-13T09:49:08.938+0000] {dagbag.py:588} INFO - Filling up the DagBag from /home/airflow/.local/lib/python3.12/site-packages/airflow/example_dags/example_bash_decorator.py
[2025-02-13T09:49:08.945+0000] {processor.py:925} INFO - DAG(s) 'example_bash_decorator' retrieved from /home/airflow/.local/lib/python3.12/site-packages/airflow/example_dags/example_bash_decorator.py
[2025-02-13T09:49:08.955+0000] {logging_mixin.py:190} INFO - [2025-02-13T09:49:08.955+0000] {dag.py:3239} INFO - Sync 1 DAGs
[2025-02-13T09:49:08.961+0000] {logging_mixin.py:190} INFO - [2025-02-13T09:49:08.961+0000] {dag.py:4180} INFO - Setting next_dagrun for example_bash_decorator to None, run_after=None
[2025-02-13T09:49:08.969+0000] {processor.py:208} INFO - Processing /home/airflow/.local/lib/python3.12/site-packages/airflow/example_dags/example_bash_decorator.py took 0.036 seconds
[2025-02-13T09:49:39.189+0000] {processor.py:186} INFO - Started process (PID=1842) to work on /home/airflow/.local/lib/python3.12/site-packages/airflow/example_dags/example_bash_decorator.py
[2025-02-13T09:49:39.190+0000] {processor.py:914} INFO - Processing file /home/airflow/.local/lib/python3.12/site-packages/airflow/example_dags/example_bash_decorator.py for tasks to queue
[2025-02-13T09:49:39.191+0000] {logging_mixin.py:190} INFO - [2025-02-13T09:49:39.190+0000] {dagbag.py:588} INFO - Filling up the DagBag from /home/airflow/.local/lib/python3.12/site-packages/airflow/example_dags/example_bash_decorator.py
[2025-02-13T09:49:39.197+0000] {processor.py:925} INFO - DAG(s) 'example_bash_decorator' retrieved from /home/airflow/.local/lib/python3.12/site-packages/airflow/example_dags/example_bash_decorator.py
[2025-02-13T09:49:39.205+0000] {logging_mixin.py:190} INFO - [2025-02-13T09:49:39.205+0000] {dag.py:3239} INFO - Sync 1 DAGs
[2025-02-13T09:49:39.211+0000] {logging_mixin.py:190} INFO - [2025-02-13T09:49:39.210+0000] {dag.py:4180} INFO - Setting next_dagrun for example_bash_decorator to None, run_after=None
[2025-02-13T09:49:39.216+0000] {processor.py:208} INFO - Processing /home/airflow/.local/lib/python3.12/site-packages/airflow/example_dags/example_bash_decorator.py took 0.029 seconds
[2025-02-13T09:50:09.416+0000] {processor.py:186} INFO - Started process (PID=1905) to work on /home/airflow/.local/lib/python3.12/site-packages/airflow/example_dags/example_bash_decorator.py
[2025-02-13T09:50:09.416+0000] {processor.py:914} INFO - Processing file /home/airflow/.local/lib/python3.12/site-packages/airflow/example_dags/example_bash_decorator.py for tasks to queue
[2025-02-13T09:50:09.417+0000] {logging_mixin.py:190} INFO - [2025-02-13T09:50:09.417+0000] {dagbag.py:588} INFO - Filling up the DagBag from /home/airflow/.local/lib/python3.12/site-packages/airflow/example_dags/example_bash_decorator.py
[2025-02-13T09:50:09.423+0000] {processor.py:925} INFO - DAG(s) 'example_bash_decorator' retrieved from /home/airflow/.local/lib/python3.12/site-packages/airflow/example_dags/example_bash_decorator.py
[2025-02-13T09:50:09.431+0000] {logging_mixin.py:190} INFO - [2025-02-13T09:50:09.431+0000] {dag.py:3239} INFO - Sync 1 DAGs
[2025-02-13T09:50:09.436+0000] {logging_mixin.py:190} INFO - [2025-02-13T09:50:09.436+0000] {dag.py:4180} INFO - Setting next_dagrun for example_bash_decorator to None, run_after=None
[2025-02-13T09:50:09.441+0000] {processor.py:208} INFO - Processing /home/airflow/.local/lib/python3.12/site-packages/airflow/example_dags/example_bash_decorator.py took 0.028 seconds
[2025-02-13T09:50:39.672+0000] {processor.py:186} INFO - Started process (PID=1969) to work on /home/airflow/.local/lib/python3.12/site-packages/airflow/example_dags/example_bash_decorator.py
[2025-02-13T09:50:39.673+0000] {processor.py:914} INFO - Processing file /home/airflow/.local/lib/python3.12/site-packages/airflow/example_dags/example_bash_decorator.py for tasks to queue
[2025-02-13T09:50:39.674+0000] {logging_mixin.py:190} INFO - [2025-02-13T09:50:39.674+0000] {dagbag.py:588} INFO - Filling up the DagBag from /home/airflow/.local/lib/python3.12/site-packages/airflow/example_dags/example_bash_decorator.py
[2025-02-13T09:50:39.680+0000] {processor.py:925} INFO - DAG(s) 'example_bash_decorator' retrieved from /home/airflow/.local/lib/python3.12/site-packages/airflow/example_dags/example_bash_decorator.py
[2025-02-13T09:50:39.689+0000] {logging_mixin.py:190} INFO - [2025-02-13T09:50:39.689+0000] {dag.py:3239} INFO - Sync 1 DAGs
[2025-02-13T09:50:39.695+0000] {logging_mixin.py:190} INFO - [2025-02-13T09:50:39.695+0000] {dag.py:4180} INFO - Setting next_dagrun for example_bash_decorator to None, run_after=None
[2025-02-13T09:50:39.702+0000] {processor.py:208} INFO - Processing /home/airflow/.local/lib/python3.12/site-packages/airflow/example_dags/example_bash_decorator.py took 0.033 seconds
[2025-02-13T09:51:10.462+0000] {processor.py:186} INFO - Started process (PID=2033) to work on /home/airflow/.local/lib/python3.12/site-packages/airflow/example_dags/example_bash_decorator.py
[2025-02-13T09:51:10.463+0000] {processor.py:914} INFO - Processing file /home/airflow/.local/lib/python3.12/site-packages/airflow/example_dags/example_bash_decorator.py for tasks to queue
[2025-02-13T09:51:10.466+0000] {logging_mixin.py:190} INFO - [2025-02-13T09:51:10.465+0000] {dagbag.py:588} INFO - Filling up the DagBag from /home/airflow/.local/lib/python3.12/site-packages/airflow/example_dags/example_bash_decorator.py
[2025-02-13T09:51:10.479+0000] {processor.py:925} INFO - DAG(s) 'example_bash_decorator' retrieved from /home/airflow/.local/lib/python3.12/site-packages/airflow/example_dags/example_bash_decorator.py
[2025-02-13T09:51:10.506+0000] {logging_mixin.py:190} INFO - [2025-02-13T09:51:10.506+0000] {dag.py:3239} INFO - Sync 1 DAGs
[2025-02-13T09:51:10.519+0000] {logging_mixin.py:190} INFO - [2025-02-13T09:51:10.519+0000] {dag.py:4180} INFO - Setting next_dagrun for example_bash_decorator to None, run_after=None
[2025-02-13T09:51:10.542+0000] {processor.py:208} INFO - Processing /home/airflow/.local/lib/python3.12/site-packages/airflow/example_dags/example_bash_decorator.py took 0.087 seconds
[2025-02-13T09:51:41.108+0000] {processor.py:186} INFO - Started process (PID=2097) to work on /home/airflow/.local/lib/python3.12/site-packages/airflow/example_dags/example_bash_decorator.py
[2025-02-13T09:51:41.109+0000] {processor.py:914} INFO - Processing file /home/airflow/.local/lib/python3.12/site-packages/airflow/example_dags/example_bash_decorator.py for tasks to queue
[2025-02-13T09:51:41.110+0000] {logging_mixin.py:190} INFO - [2025-02-13T09:51:41.110+0000] {dagbag.py:588} INFO - Filling up the DagBag from /home/airflow/.local/lib/python3.12/site-packages/airflow/example_dags/example_bash_decorator.py
[2025-02-13T09:51:41.117+0000] {processor.py:925} INFO - DAG(s) 'example_bash_decorator' retrieved from /home/airflow/.local/lib/python3.12/site-packages/airflow/example_dags/example_bash_decorator.py
[2025-02-13T09:51:41.127+0000] {logging_mixin.py:190} INFO - [2025-02-13T09:51:41.126+0000] {dag.py:3239} INFO - Sync 1 DAGs
[2025-02-13T09:51:41.132+0000] {logging_mixin.py:190} INFO - [2025-02-13T09:51:41.132+0000] {dag.py:4180} INFO - Setting next_dagrun for example_bash_decorator to None, run_after=None
[2025-02-13T09:51:41.140+0000] {processor.py:208} INFO - Processing /home/airflow/.local/lib/python3.12/site-packages/airflow/example_dags/example_bash_decorator.py took 0.034 seconds
[2025-02-13T09:52:11.293+0000] {processor.py:186} INFO - Started process (PID=2160) to work on /home/airflow/.local/lib/python3.12/site-packages/airflow/example_dags/example_bash_decorator.py
[2025-02-13T09:52:11.294+0000] {processor.py:914} INFO - Processing file /home/airflow/.local/lib/python3.12/site-packages/airflow/example_dags/example_bash_decorator.py for tasks to queue
[2025-02-13T09:52:11.295+0000] {logging_mixin.py:190} INFO - [2025-02-13T09:52:11.295+0000] {dagbag.py:588} INFO - Filling up the DagBag from /home/airflow/.local/lib/python3.12/site-packages/airflow/example_dags/example_bash_decorator.py
[2025-02-13T09:52:11.301+0000] {processor.py:925} INFO - DAG(s) 'example_bash_decorator' retrieved from /home/airflow/.local/lib/python3.12/site-packages/airflow/example_dags/example_bash_decorator.py
[2025-02-13T09:52:11.309+0000] {logging_mixin.py:190} INFO - [2025-02-13T09:52:11.309+0000] {dag.py:3239} INFO - Sync 1 DAGs
[2025-02-13T09:52:11.314+0000] {logging_mixin.py:190} INFO - [2025-02-13T09:52:11.314+0000] {dag.py:4180} INFO - Setting next_dagrun for example_bash_decorator to None, run_after=None
[2025-02-13T09:52:11.320+0000] {processor.py:208} INFO - Processing /home/airflow/.local/lib/python3.12/site-packages/airflow/example_dags/example_bash_decorator.py took 0.030 seconds
[2025-02-13T09:52:41.600+0000] {processor.py:186} INFO - Started process (PID=2224) to work on /home/airflow/.local/lib/python3.12/site-packages/airflow/example_dags/example_bash_decorator.py
[2025-02-13T09:52:41.601+0000] {processor.py:914} INFO - Processing file /home/airflow/.local/lib/python3.12/site-packages/airflow/example_dags/example_bash_decorator.py for tasks to queue
[2025-02-13T09:52:41.602+0000] {logging_mixin.py:190} INFO - [2025-02-13T09:52:41.602+0000] {dagbag.py:588} INFO - Filling up the DagBag from /home/airflow/.local/lib/python3.12/site-packages/airflow/example_dags/example_bash_decorator.py
[2025-02-13T09:52:41.609+0000] {processor.py:925} INFO - DAG(s) 'example_bash_decorator' retrieved from /home/airflow/.local/lib/python3.12/site-packages/airflow/example_dags/example_bash_decorator.py
[2025-02-13T09:52:41.620+0000] {logging_mixin.py:190} INFO - [2025-02-13T09:52:41.620+0000] {dag.py:3239} INFO - Sync 1 DAGs
[2025-02-13T09:52:41.625+0000] {logging_mixin.py:190} INFO - [2025-02-13T09:52:41.625+0000] {dag.py:4180} INFO - Setting next_dagrun for example_bash_decorator to None, run_after=None
[2025-02-13T09:52:41.636+0000] {processor.py:208} INFO - Processing /home/airflow/.local/lib/python3.12/site-packages/airflow/example_dags/example_bash_decorator.py took 0.039 seconds
[2025-02-13T09:53:11.841+0000] {processor.py:186} INFO - Started process (PID=2288) to work on /home/airflow/.local/lib/python3.12/site-packages/airflow/example_dags/example_bash_decorator.py
[2025-02-13T09:53:11.842+0000] {processor.py:914} INFO - Processing file /home/airflow/.local/lib/python3.12/site-packages/airflow/example_dags/example_bash_decorator.py for tasks to queue
[2025-02-13T09:53:11.843+0000] {logging_mixin.py:190} INFO - [2025-02-13T09:53:11.843+0000] {dagbag.py:588} INFO - Filling up the DagBag from /home/airflow/.local/lib/python3.12/site-packages/airflow/example_dags/example_bash_decorator.py
[2025-02-13T09:53:11.851+0000] {processor.py:925} INFO - DAG(s) 'example_bash_decorator' retrieved from /home/airflow/.local/lib/python3.12/site-packages/airflow/example_dags/example_bash_decorator.py
[2025-02-13T09:53:11.860+0000] {logging_mixin.py:190} INFO - [2025-02-13T09:53:11.860+0000] {dag.py:3239} INFO - Sync 1 DAGs
[2025-02-13T09:53:11.867+0000] {logging_mixin.py:190} INFO - [2025-02-13T09:53:11.867+0000] {dag.py:4180} INFO - Setting next_dagrun for example_bash_decorator to None, run_after=None
[2025-02-13T09:53:11.877+0000] {processor.py:208} INFO - Processing /home/airflow/.local/lib/python3.12/site-packages/airflow/example_dags/example_bash_decorator.py took 0.038 seconds
[2025-02-13T09:53:42.906+0000] {processor.py:186} INFO - Started process (PID=2353) to work on /home/airflow/.local/lib/python3.12/site-packages/airflow/example_dags/example_bash_decorator.py
[2025-02-13T09:53:42.907+0000] {processor.py:914} INFO - Processing file /home/airflow/.local/lib/python3.12/site-packages/airflow/example_dags/example_bash_decorator.py for tasks to queue
[2025-02-13T09:53:42.908+0000] {logging_mixin.py:190} INFO - [2025-02-13T09:53:42.907+0000] {dagbag.py:588} INFO - Filling up the DagBag from /home/airflow/.local/lib/python3.12/site-packages/airflow/example_dags/example_bash_decorator.py
[2025-02-13T09:53:42.914+0000] {processor.py:925} INFO - DAG(s) 'example_bash_decorator' retrieved from /home/airflow/.local/lib/python3.12/site-packages/airflow/example_dags/example_bash_decorator.py
[2025-02-13T09:53:42.922+0000] {logging_mixin.py:190} INFO - [2025-02-13T09:53:42.922+0000] {dag.py:3239} INFO - Sync 1 DAGs
[2025-02-13T09:53:42.927+0000] {logging_mixin.py:190} INFO - [2025-02-13T09:53:42.927+0000] {dag.py:4180} INFO - Setting next_dagrun for example_bash_decorator to None, run_after=None
[2025-02-13T09:53:42.933+0000] {processor.py:208} INFO - Processing /home/airflow/.local/lib/python3.12/site-packages/airflow/example_dags/example_bash_decorator.py took 0.029 seconds
[2025-02-13T09:54:12.970+0000] {processor.py:186} INFO - Started process (PID=2416) to work on /home/airflow/.local/lib/python3.12/site-packages/airflow/example_dags/example_bash_decorator.py
[2025-02-13T09:54:12.971+0000] {processor.py:914} INFO - Processing file /home/airflow/.local/lib/python3.12/site-packages/airflow/example_dags/example_bash_decorator.py for tasks to queue
[2025-02-13T09:54:12.972+0000] {logging_mixin.py:190} INFO - [2025-02-13T09:54:12.972+0000] {dagbag.py:588} INFO - Filling up the DagBag from /home/airflow/.local/lib/python3.12/site-packages/airflow/example_dags/example_bash_decorator.py
[2025-02-13T09:54:12.978+0000] {processor.py:925} INFO - DAG(s) 'example_bash_decorator' retrieved from /home/airflow/.local/lib/python3.12/site-packages/airflow/example_dags/example_bash_decorator.py
[2025-02-13T09:54:12.988+0000] {logging_mixin.py:190} INFO - [2025-02-13T09:54:12.988+0000] {dag.py:3239} INFO - Sync 1 DAGs
[2025-02-13T09:54:12.994+0000] {logging_mixin.py:190} INFO - [2025-02-13T09:54:12.994+0000] {dag.py:4180} INFO - Setting next_dagrun for example_bash_decorator to None, run_after=None
[2025-02-13T09:54:13.001+0000] {processor.py:208} INFO - Processing /home/airflow/.local/lib/python3.12/site-packages/airflow/example_dags/example_bash_decorator.py took 0.034 seconds
[2025-02-13T09:54:43.137+0000] {processor.py:186} INFO - Started process (PID=2480) to work on /home/airflow/.local/lib/python3.12/site-packages/airflow/example_dags/example_bash_decorator.py
[2025-02-13T09:54:43.138+0000] {processor.py:914} INFO - Processing file /home/airflow/.local/lib/python3.12/site-packages/airflow/example_dags/example_bash_decorator.py for tasks to queue
[2025-02-13T09:54:43.139+0000] {logging_mixin.py:190} INFO - [2025-02-13T09:54:43.139+0000] {dagbag.py:588} INFO - Filling up the DagBag from /home/airflow/.local/lib/python3.12/site-packages/airflow/example_dags/example_bash_decorator.py
[2025-02-13T09:54:43.146+0000] {processor.py:925} INFO - DAG(s) 'example_bash_decorator' retrieved from /home/airflow/.local/lib/python3.12/site-packages/airflow/example_dags/example_bash_decorator.py
[2025-02-13T09:54:43.155+0000] {logging_mixin.py:190} INFO - [2025-02-13T09:54:43.155+0000] {dag.py:3239} INFO - Sync 1 DAGs
[2025-02-13T09:54:43.161+0000] {logging_mixin.py:190} INFO - [2025-02-13T09:54:43.161+0000] {dag.py:4180} INFO - Setting next_dagrun for example_bash_decorator to None, run_after=None
[2025-02-13T09:54:43.169+0000] {processor.py:208} INFO - Processing /home/airflow/.local/lib/python3.12/site-packages/airflow/example_dags/example_bash_decorator.py took 0.035 seconds
[2025-02-13T09:55:13.234+0000] {processor.py:186} INFO - Started process (PID=2544) to work on /home/airflow/.local/lib/python3.12/site-packages/airflow/example_dags/example_bash_decorator.py
[2025-02-13T09:55:13.234+0000] {processor.py:914} INFO - Processing file /home/airflow/.local/lib/python3.12/site-packages/airflow/example_dags/example_bash_decorator.py for tasks to queue
[2025-02-13T09:55:13.236+0000] {logging_mixin.py:190} INFO - [2025-02-13T09:55:13.236+0000] {dagbag.py:588} INFO - Filling up the DagBag from /home/airflow/.local/lib/python3.12/site-packages/airflow/example_dags/example_bash_decorator.py
[2025-02-13T09:55:13.244+0000] {processor.py:925} INFO - DAG(s) 'example_bash_decorator' retrieved from /home/airflow/.local/lib/python3.12/site-packages/airflow/example_dags/example_bash_decorator.py
[2025-02-13T09:55:13.251+0000] {logging_mixin.py:190} INFO - [2025-02-13T09:55:13.251+0000] {dag.py:3239} INFO - Sync 1 DAGs
[2025-02-13T09:55:13.256+0000] {logging_mixin.py:190} INFO - [2025-02-13T09:55:13.256+0000] {dag.py:4180} INFO - Setting next_dagrun for example_bash_decorator to None, run_after=None
[2025-02-13T09:55:13.265+0000] {processor.py:208} INFO - Processing /home/airflow/.local/lib/python3.12/site-packages/airflow/example_dags/example_bash_decorator.py took 0.034 seconds
[2025-02-13T09:55:43.436+0000] {processor.py:186} INFO - Started process (PID=2608) to work on /home/airflow/.local/lib/python3.12/site-packages/airflow/example_dags/example_bash_decorator.py
[2025-02-13T09:55:43.437+0000] {processor.py:914} INFO - Processing file /home/airflow/.local/lib/python3.12/site-packages/airflow/example_dags/example_bash_decorator.py for tasks to queue
[2025-02-13T09:55:43.439+0000] {logging_mixin.py:190} INFO - [2025-02-13T09:55:43.438+0000] {dagbag.py:588} INFO - Filling up the DagBag from /home/airflow/.local/lib/python3.12/site-packages/airflow/example_dags/example_bash_decorator.py
[2025-02-13T09:55:43.451+0000] {processor.py:925} INFO - DAG(s) 'example_bash_decorator' retrieved from /home/airflow/.local/lib/python3.12/site-packages/airflow/example_dags/example_bash_decorator.py
[2025-02-13T09:55:43.462+0000] {logging_mixin.py:190} INFO - [2025-02-13T09:55:43.462+0000] {dag.py:3239} INFO - Sync 1 DAGs
[2025-02-13T09:55:43.468+0000] {logging_mixin.py:190} INFO - [2025-02-13T09:55:43.468+0000] {dag.py:4180} INFO - Setting next_dagrun for example_bash_decorator to None, run_after=None
[2025-02-13T09:55:43.478+0000] {processor.py:208} INFO - Processing /home/airflow/.local/lib/python3.12/site-packages/airflow/example_dags/example_bash_decorator.py took 0.048 seconds
[2025-02-13T09:56:13.519+0000] {processor.py:186} INFO - Started process (PID=2672) to work on /home/airflow/.local/lib/python3.12/site-packages/airflow/example_dags/example_bash_decorator.py
[2025-02-13T09:56:13.519+0000] {processor.py:914} INFO - Processing file /home/airflow/.local/lib/python3.12/site-packages/airflow/example_dags/example_bash_decorator.py for tasks to queue
[2025-02-13T09:56:13.520+0000] {logging_mixin.py:190} INFO - [2025-02-13T09:56:13.520+0000] {dagbag.py:588} INFO - Filling up the DagBag from /home/airflow/.local/lib/python3.12/site-packages/airflow/example_dags/example_bash_decorator.py
[2025-02-13T09:56:13.526+0000] {processor.py:925} INFO - DAG(s) 'example_bash_decorator' retrieved from /home/airflow/.local/lib/python3.12/site-packages/airflow/example_dags/example_bash_decorator.py
[2025-02-13T09:56:13.536+0000] {logging_mixin.py:190} INFO - [2025-02-13T09:56:13.536+0000] {dag.py:3239} INFO - Sync 1 DAGs
[2025-02-13T09:56:13.542+0000] {logging_mixin.py:190} INFO - [2025-02-13T09:56:13.542+0000] {dag.py:4180} INFO - Setting next_dagrun for example_bash_decorator to None, run_after=None
[2025-02-13T09:56:13.549+0000] {processor.py:208} INFO - Processing /home/airflow/.local/lib/python3.12/site-packages/airflow/example_dags/example_bash_decorator.py took 0.032 seconds
[2025-02-13T09:56:43.673+0000] {processor.py:186} INFO - Started process (PID=2736) to work on /home/airflow/.local/lib/python3.12/site-packages/airflow/example_dags/example_bash_decorator.py
[2025-02-13T09:56:43.674+0000] {processor.py:914} INFO - Processing file /home/airflow/.local/lib/python3.12/site-packages/airflow/example_dags/example_bash_decorator.py for tasks to queue
[2025-02-13T09:56:43.675+0000] {logging_mixin.py:190} INFO - [2025-02-13T09:56:43.675+0000] {dagbag.py:588} INFO - Filling up the DagBag from /home/airflow/.local/lib/python3.12/site-packages/airflow/example_dags/example_bash_decorator.py
[2025-02-13T09:56:43.683+0000] {processor.py:925} INFO - DAG(s) 'example_bash_decorator' retrieved from /home/airflow/.local/lib/python3.12/site-packages/airflow/example_dags/example_bash_decorator.py
[2025-02-13T09:56:43.695+0000] {logging_mixin.py:190} INFO - [2025-02-13T09:56:43.694+0000] {dag.py:3239} INFO - Sync 1 DAGs
[2025-02-13T09:56:43.701+0000] {logging_mixin.py:190} INFO - [2025-02-13T09:56:43.701+0000] {dag.py:4180} INFO - Setting next_dagrun for example_bash_decorator to None, run_after=None
[2025-02-13T09:56:43.712+0000] {processor.py:208} INFO - Processing /home/airflow/.local/lib/python3.12/site-packages/airflow/example_dags/example_bash_decorator.py took 0.041 seconds
[2025-02-13T09:57:13.882+0000] {processor.py:186} INFO - Started process (PID=2800) to work on /home/airflow/.local/lib/python3.12/site-packages/airflow/example_dags/example_bash_decorator.py
[2025-02-13T09:57:13.883+0000] {processor.py:914} INFO - Processing file /home/airflow/.local/lib/python3.12/site-packages/airflow/example_dags/example_bash_decorator.py for tasks to queue
[2025-02-13T09:57:13.888+0000] {logging_mixin.py:190} INFO - [2025-02-13T09:57:13.887+0000] {dagbag.py:588} INFO - Filling up the DagBag from /home/airflow/.local/lib/python3.12/site-packages/airflow/example_dags/example_bash_decorator.py
[2025-02-13T09:57:13.901+0000] {processor.py:925} INFO - DAG(s) 'example_bash_decorator' retrieved from /home/airflow/.local/lib/python3.12/site-packages/airflow/example_dags/example_bash_decorator.py
[2025-02-13T09:57:13.910+0000] {logging_mixin.py:190} INFO - [2025-02-13T09:57:13.910+0000] {dag.py:3239} INFO - Sync 1 DAGs
[2025-02-13T09:57:13.916+0000] {logging_mixin.py:190} INFO - [2025-02-13T09:57:13.916+0000] {dag.py:4180} INFO - Setting next_dagrun for example_bash_decorator to None, run_after=None
[2025-02-13T09:57:13.924+0000] {processor.py:208} INFO - Processing /home/airflow/.local/lib/python3.12/site-packages/airflow/example_dags/example_bash_decorator.py took 0.046 seconds
[2025-02-13T09:57:44.088+0000] {processor.py:186} INFO - Started process (PID=2870) to work on /home/airflow/.local/lib/python3.12/site-packages/airflow/example_dags/example_bash_decorator.py
[2025-02-13T09:57:44.089+0000] {processor.py:914} INFO - Processing file /home/airflow/.local/lib/python3.12/site-packages/airflow/example_dags/example_bash_decorator.py for tasks to queue
[2025-02-13T09:57:44.090+0000] {logging_mixin.py:190} INFO - [2025-02-13T09:57:44.090+0000] {dagbag.py:588} INFO - Filling up the DagBag from /home/airflow/.local/lib/python3.12/site-packages/airflow/example_dags/example_bash_decorator.py
[2025-02-13T09:57:44.098+0000] {processor.py:925} INFO - DAG(s) 'example_bash_decorator' retrieved from /home/airflow/.local/lib/python3.12/site-packages/airflow/example_dags/example_bash_decorator.py
[2025-02-13T09:57:44.106+0000] {logging_mixin.py:190} INFO - [2025-02-13T09:57:44.105+0000] {dag.py:3239} INFO - Sync 1 DAGs
[2025-02-13T09:57:44.112+0000] {logging_mixin.py:190} INFO - [2025-02-13T09:57:44.112+0000] {dag.py:4180} INFO - Setting next_dagrun for example_bash_decorator to None, run_after=None
[2025-02-13T09:57:44.119+0000] {processor.py:208} INFO - Processing /home/airflow/.local/lib/python3.12/site-packages/airflow/example_dags/example_bash_decorator.py took 0.033 seconds
[2025-02-13T09:58:14.271+0000] {processor.py:186} INFO - Started process (PID=2934) to work on /home/airflow/.local/lib/python3.12/site-packages/airflow/example_dags/example_bash_decorator.py
[2025-02-13T09:58:14.272+0000] {processor.py:914} INFO - Processing file /home/airflow/.local/lib/python3.12/site-packages/airflow/example_dags/example_bash_decorator.py for tasks to queue
[2025-02-13T09:58:14.273+0000] {logging_mixin.py:190} INFO - [2025-02-13T09:58:14.273+0000] {dagbag.py:588} INFO - Filling up the DagBag from /home/airflow/.local/lib/python3.12/site-packages/airflow/example_dags/example_bash_decorator.py
[2025-02-13T09:58:14.280+0000] {processor.py:925} INFO - DAG(s) 'example_bash_decorator' retrieved from /home/airflow/.local/lib/python3.12/site-packages/airflow/example_dags/example_bash_decorator.py
[2025-02-13T09:58:14.290+0000] {logging_mixin.py:190} INFO - [2025-02-13T09:58:14.290+0000] {dag.py:3239} INFO - Sync 1 DAGs
[2025-02-13T09:58:14.296+0000] {logging_mixin.py:190} INFO - [2025-02-13T09:58:14.296+0000] {dag.py:4180} INFO - Setting next_dagrun for example_bash_decorator to None, run_after=None
[2025-02-13T09:58:14.306+0000] {processor.py:208} INFO - Processing /home/airflow/.local/lib/python3.12/site-packages/airflow/example_dags/example_bash_decorator.py took 0.038 seconds
[2025-02-13T09:58:44.393+0000] {processor.py:186} INFO - Started process (PID=2998) to work on /home/airflow/.local/lib/python3.12/site-packages/airflow/example_dags/example_bash_decorator.py
[2025-02-13T09:58:44.394+0000] {processor.py:914} INFO - Processing file /home/airflow/.local/lib/python3.12/site-packages/airflow/example_dags/example_bash_decorator.py for tasks to queue
[2025-02-13T09:58:44.395+0000] {logging_mixin.py:190} INFO - [2025-02-13T09:58:44.395+0000] {dagbag.py:588} INFO - Filling up the DagBag from /home/airflow/.local/lib/python3.12/site-packages/airflow/example_dags/example_bash_decorator.py
[2025-02-13T09:58:44.402+0000] {processor.py:925} INFO - DAG(s) 'example_bash_decorator' retrieved from /home/airflow/.local/lib/python3.12/site-packages/airflow/example_dags/example_bash_decorator.py
[2025-02-13T09:58:44.412+0000] {logging_mixin.py:190} INFO - [2025-02-13T09:58:44.412+0000] {dag.py:3239} INFO - Sync 1 DAGs
[2025-02-13T09:58:44.417+0000] {logging_mixin.py:190} INFO - [2025-02-13T09:58:44.417+0000] {dag.py:4180} INFO - Setting next_dagrun for example_bash_decorator to None, run_after=None
[2025-02-13T09:58:44.425+0000] {processor.py:208} INFO - Processing /home/airflow/.local/lib/python3.12/site-packages/airflow/example_dags/example_bash_decorator.py took 0.034 seconds
[2025-02-13T09:59:14.708+0000] {processor.py:186} INFO - Started process (PID=3062) to work on /home/airflow/.local/lib/python3.12/site-packages/airflow/example_dags/example_bash_decorator.py
[2025-02-13T09:59:14.708+0000] {processor.py:914} INFO - Processing file /home/airflow/.local/lib/python3.12/site-packages/airflow/example_dags/example_bash_decorator.py for tasks to queue
[2025-02-13T09:59:14.709+0000] {logging_mixin.py:190} INFO - [2025-02-13T09:59:14.709+0000] {dagbag.py:588} INFO - Filling up the DagBag from /home/airflow/.local/lib/python3.12/site-packages/airflow/example_dags/example_bash_decorator.py
[2025-02-13T09:59:14.717+0000] {processor.py:925} INFO - DAG(s) 'example_bash_decorator' retrieved from /home/airflow/.local/lib/python3.12/site-packages/airflow/example_dags/example_bash_decorator.py
[2025-02-13T09:59:14.729+0000] {logging_mixin.py:190} INFO - [2025-02-13T09:59:14.728+0000] {dag.py:3239} INFO - Sync 1 DAGs
[2025-02-13T09:59:14.737+0000] {logging_mixin.py:190} INFO - [2025-02-13T09:59:14.736+0000] {dag.py:4180} INFO - Setting next_dagrun for example_bash_decorator to None, run_after=None
[2025-02-13T09:59:14.747+0000] {processor.py:208} INFO - Processing /home/airflow/.local/lib/python3.12/site-packages/airflow/example_dags/example_bash_decorator.py took 0.041 seconds
[2025-02-13T09:59:45.016+0000] {processor.py:186} INFO - Started process (PID=3129) to work on /home/airflow/.local/lib/python3.12/site-packages/airflow/example_dags/example_bash_decorator.py
[2025-02-13T09:59:45.016+0000] {processor.py:914} INFO - Processing file /home/airflow/.local/lib/python3.12/site-packages/airflow/example_dags/example_bash_decorator.py for tasks to queue
[2025-02-13T09:59:45.017+0000] {logging_mixin.py:190} INFO - [2025-02-13T09:59:45.017+0000] {dagbag.py:588} INFO - Filling up the DagBag from /home/airflow/.local/lib/python3.12/site-packages/airflow/example_dags/example_bash_decorator.py
[2025-02-13T09:59:45.025+0000] {processor.py:925} INFO - DAG(s) 'example_bash_decorator' retrieved from /home/airflow/.local/lib/python3.12/site-packages/airflow/example_dags/example_bash_decorator.py
[2025-02-13T09:59:45.038+0000] {logging_mixin.py:190} INFO - [2025-02-13T09:59:45.038+0000] {dag.py:3239} INFO - Sync 1 DAGs
[2025-02-13T09:59:45.046+0000] {logging_mixin.py:190} INFO - [2025-02-13T09:59:45.046+0000] {dag.py:4180} INFO - Setting next_dagrun for example_bash_decorator to None, run_after=None
[2025-02-13T09:59:45.053+0000] {processor.py:208} INFO - Processing /home/airflow/.local/lib/python3.12/site-packages/airflow/example_dags/example_bash_decorator.py took 0.039 seconds
[2025-02-13T10:00:15.315+0000] {processor.py:186} INFO - Started process (PID=3197) to work on /home/airflow/.local/lib/python3.12/site-packages/airflow/example_dags/example_bash_decorator.py
[2025-02-13T10:00:15.315+0000] {processor.py:914} INFO - Processing file /home/airflow/.local/lib/python3.12/site-packages/airflow/example_dags/example_bash_decorator.py for tasks to queue
[2025-02-13T10:00:15.316+0000] {logging_mixin.py:190} INFO - [2025-02-13T10:00:15.316+0000] {dagbag.py:588} INFO - Filling up the DagBag from /home/airflow/.local/lib/python3.12/site-packages/airflow/example_dags/example_bash_decorator.py
[2025-02-13T10:00:15.322+0000] {processor.py:925} INFO - DAG(s) 'example_bash_decorator' retrieved from /home/airflow/.local/lib/python3.12/site-packages/airflow/example_dags/example_bash_decorator.py
[2025-02-13T10:00:15.330+0000] {logging_mixin.py:190} INFO - [2025-02-13T10:00:15.330+0000] {dag.py:3239} INFO - Sync 1 DAGs
[2025-02-13T10:00:15.334+0000] {logging_mixin.py:190} INFO - [2025-02-13T10:00:15.334+0000] {dag.py:4180} INFO - Setting next_dagrun for example_bash_decorator to None, run_after=None
[2025-02-13T10:00:15.339+0000] {processor.py:208} INFO - Processing /home/airflow/.local/lib/python3.12/site-packages/airflow/example_dags/example_bash_decorator.py took 0.027 seconds
[2025-02-13T10:00:45.440+0000] {processor.py:186} INFO - Started process (PID=3261) to work on /home/airflow/.local/lib/python3.12/site-packages/airflow/example_dags/example_bash_decorator.py
[2025-02-13T10:00:45.440+0000] {processor.py:914} INFO - Processing file /home/airflow/.local/lib/python3.12/site-packages/airflow/example_dags/example_bash_decorator.py for tasks to queue
[2025-02-13T10:00:45.441+0000] {logging_mixin.py:190} INFO - [2025-02-13T10:00:45.441+0000] {dagbag.py:588} INFO - Filling up the DagBag from /home/airflow/.local/lib/python3.12/site-packages/airflow/example_dags/example_bash_decorator.py
[2025-02-13T10:00:45.447+0000] {processor.py:925} INFO - DAG(s) 'example_bash_decorator' retrieved from /home/airflow/.local/lib/python3.12/site-packages/airflow/example_dags/example_bash_decorator.py
[2025-02-13T10:00:45.455+0000] {logging_mixin.py:190} INFO - [2025-02-13T10:00:45.455+0000] {dag.py:3239} INFO - Sync 1 DAGs
[2025-02-13T10:00:45.460+0000] {logging_mixin.py:190} INFO - [2025-02-13T10:00:45.460+0000] {dag.py:4180} INFO - Setting next_dagrun for example_bash_decorator to None, run_after=None
[2025-02-13T10:00:45.466+0000] {processor.py:208} INFO - Processing /home/airflow/.local/lib/python3.12/site-packages/airflow/example_dags/example_bash_decorator.py took 0.028 seconds
[2025-02-13T10:01:15.575+0000] {processor.py:186} INFO - Started process (PID=3325) to work on /home/airflow/.local/lib/python3.12/site-packages/airflow/example_dags/example_bash_decorator.py
[2025-02-13T10:01:15.575+0000] {processor.py:914} INFO - Processing file /home/airflow/.local/lib/python3.12/site-packages/airflow/example_dags/example_bash_decorator.py for tasks to queue
[2025-02-13T10:01:15.576+0000] {logging_mixin.py:190} INFO - [2025-02-13T10:01:15.576+0000] {dagbag.py:588} INFO - Filling up the DagBag from /home/airflow/.local/lib/python3.12/site-packages/airflow/example_dags/example_bash_decorator.py
[2025-02-13T10:01:15.582+0000] {processor.py:925} INFO - DAG(s) 'example_bash_decorator' retrieved from /home/airflow/.local/lib/python3.12/site-packages/airflow/example_dags/example_bash_decorator.py
[2025-02-13T10:01:15.591+0000] {logging_mixin.py:190} INFO - [2025-02-13T10:01:15.591+0000] {dag.py:3239} INFO - Sync 1 DAGs
[2025-02-13T10:01:15.595+0000] {logging_mixin.py:190} INFO - [2025-02-13T10:01:15.595+0000] {dag.py:4180} INFO - Setting next_dagrun for example_bash_decorator to None, run_after=None
[2025-02-13T10:01:15.601+0000] {processor.py:208} INFO - Processing /home/airflow/.local/lib/python3.12/site-packages/airflow/example_dags/example_bash_decorator.py took 0.028 seconds
[2025-02-13T10:01:51.631+0000] {processor.py:186} INFO - Started process (PID=51) to work on /home/airflow/.local/lib/python3.12/site-packages/airflow/example_dags/example_bash_decorator.py
[2025-02-13T10:01:51.632+0000] {processor.py:914} INFO - Processing file /home/airflow/.local/lib/python3.12/site-packages/airflow/example_dags/example_bash_decorator.py for tasks to queue
[2025-02-13T10:01:51.633+0000] {logging_mixin.py:190} INFO - [2025-02-13T10:01:51.633+0000] {dagbag.py:588} INFO - Filling up the DagBag from /home/airflow/.local/lib/python3.12/site-packages/airflow/example_dags/example_bash_decorator.py
[2025-02-13T10:01:51.640+0000] {processor.py:925} INFO - DAG(s) 'example_bash_decorator' retrieved from /home/airflow/.local/lib/python3.12/site-packages/airflow/example_dags/example_bash_decorator.py
[2025-02-13T10:01:51.689+0000] {logging_mixin.py:190} INFO - [2025-02-13T10:01:51.689+0000] {dag.py:3239} INFO - Sync 1 DAGs
[2025-02-13T10:01:51.695+0000] {logging_mixin.py:190} INFO - [2025-02-13T10:01:51.694+0000] {dag.py:4180} INFO - Setting next_dagrun for example_bash_decorator to None, run_after=None
[2025-02-13T10:01:51.704+0000] {processor.py:208} INFO - Processing /home/airflow/.local/lib/python3.12/site-packages/airflow/example_dags/example_bash_decorator.py took 0.075 seconds
[2025-02-13T10:02:22.065+0000] {processor.py:186} INFO - Started process (PID=121) to work on /home/airflow/.local/lib/python3.12/site-packages/airflow/example_dags/example_bash_decorator.py
[2025-02-13T10:02:22.065+0000] {processor.py:914} INFO - Processing file /home/airflow/.local/lib/python3.12/site-packages/airflow/example_dags/example_bash_decorator.py for tasks to queue
[2025-02-13T10:02:22.066+0000] {logging_mixin.py:190} INFO - [2025-02-13T10:02:22.066+0000] {dagbag.py:588} INFO - Filling up the DagBag from /home/airflow/.local/lib/python3.12/site-packages/airflow/example_dags/example_bash_decorator.py
[2025-02-13T10:02:22.072+0000] {processor.py:925} INFO - DAG(s) 'example_bash_decorator' retrieved from /home/airflow/.local/lib/python3.12/site-packages/airflow/example_dags/example_bash_decorator.py
[2025-02-13T10:02:22.081+0000] {logging_mixin.py:190} INFO - [2025-02-13T10:02:22.081+0000] {dag.py:3239} INFO - Sync 1 DAGs
[2025-02-13T10:02:22.086+0000] {logging_mixin.py:190} INFO - [2025-02-13T10:02:22.086+0000] {dag.py:4180} INFO - Setting next_dagrun for example_bash_decorator to None, run_after=None
[2025-02-13T10:02:22.094+0000] {processor.py:208} INFO - Processing /home/airflow/.local/lib/python3.12/site-packages/airflow/example_dags/example_bash_decorator.py took 0.033 seconds
[2025-02-13T10:02:53.270+0000] {processor.py:186} INFO - Started process (PID=185) to work on /home/airflow/.local/lib/python3.12/site-packages/airflow/example_dags/example_bash_decorator.py
[2025-02-13T10:02:53.270+0000] {processor.py:914} INFO - Processing file /home/airflow/.local/lib/python3.12/site-packages/airflow/example_dags/example_bash_decorator.py for tasks to queue
[2025-02-13T10:02:53.271+0000] {logging_mixin.py:190} INFO - [2025-02-13T10:02:53.271+0000] {dagbag.py:588} INFO - Filling up the DagBag from /home/airflow/.local/lib/python3.12/site-packages/airflow/example_dags/example_bash_decorator.py
[2025-02-13T10:02:53.277+0000] {processor.py:925} INFO - DAG(s) 'example_bash_decorator' retrieved from /home/airflow/.local/lib/python3.12/site-packages/airflow/example_dags/example_bash_decorator.py
[2025-02-13T10:02:53.286+0000] {logging_mixin.py:190} INFO - [2025-02-13T10:02:53.286+0000] {dag.py:3239} INFO - Sync 1 DAGs
[2025-02-13T10:02:53.291+0000] {logging_mixin.py:190} INFO - [2025-02-13T10:02:53.291+0000] {dag.py:4180} INFO - Setting next_dagrun for example_bash_decorator to None, run_after=None
[2025-02-13T10:02:53.300+0000] {processor.py:208} INFO - Processing /home/airflow/.local/lib/python3.12/site-packages/airflow/example_dags/example_bash_decorator.py took 0.033 seconds
[2025-02-13T10:03:24.373+0000] {processor.py:186} INFO - Started process (PID=249) to work on /home/airflow/.local/lib/python3.12/site-packages/airflow/example_dags/example_bash_decorator.py
[2025-02-13T10:03:24.373+0000] {processor.py:914} INFO - Processing file /home/airflow/.local/lib/python3.12/site-packages/airflow/example_dags/example_bash_decorator.py for tasks to queue
[2025-02-13T10:03:24.374+0000] {logging_mixin.py:190} INFO - [2025-02-13T10:03:24.374+0000] {dagbag.py:588} INFO - Filling up the DagBag from /home/airflow/.local/lib/python3.12/site-packages/airflow/example_dags/example_bash_decorator.py
[2025-02-13T10:03:24.380+0000] {processor.py:925} INFO - DAG(s) 'example_bash_decorator' retrieved from /home/airflow/.local/lib/python3.12/site-packages/airflow/example_dags/example_bash_decorator.py
[2025-02-13T10:03:24.390+0000] {logging_mixin.py:190} INFO - [2025-02-13T10:03:24.390+0000] {dag.py:3239} INFO - Sync 1 DAGs
[2025-02-13T10:03:24.395+0000] {logging_mixin.py:190} INFO - [2025-02-13T10:03:24.395+0000] {dag.py:4180} INFO - Setting next_dagrun for example_bash_decorator to None, run_after=None
[2025-02-13T10:03:24.403+0000] {processor.py:208} INFO - Processing /home/airflow/.local/lib/python3.12/site-packages/airflow/example_dags/example_bash_decorator.py took 0.032 seconds
[2025-02-13T10:03:55.515+0000] {processor.py:186} INFO - Started process (PID=313) to work on /home/airflow/.local/lib/python3.12/site-packages/airflow/example_dags/example_bash_decorator.py
[2025-02-13T10:03:55.515+0000] {processor.py:914} INFO - Processing file /home/airflow/.local/lib/python3.12/site-packages/airflow/example_dags/example_bash_decorator.py for tasks to queue
[2025-02-13T10:03:55.516+0000] {logging_mixin.py:190} INFO - [2025-02-13T10:03:55.516+0000] {dagbag.py:588} INFO - Filling up the DagBag from /home/airflow/.local/lib/python3.12/site-packages/airflow/example_dags/example_bash_decorator.py
[2025-02-13T10:03:55.523+0000] {processor.py:925} INFO - DAG(s) 'example_bash_decorator' retrieved from /home/airflow/.local/lib/python3.12/site-packages/airflow/example_dags/example_bash_decorator.py
[2025-02-13T10:03:55.532+0000] {logging_mixin.py:190} INFO - [2025-02-13T10:03:55.532+0000] {dag.py:3239} INFO - Sync 1 DAGs
[2025-02-13T10:03:55.536+0000] {logging_mixin.py:190} INFO - [2025-02-13T10:03:55.536+0000] {dag.py:4180} INFO - Setting next_dagrun for example_bash_decorator to None, run_after=None
[2025-02-13T10:03:55.542+0000] {processor.py:208} INFO - Processing /home/airflow/.local/lib/python3.12/site-packages/airflow/example_dags/example_bash_decorator.py took 0.030 seconds
