[2025-02-13T10:35:04.600+0000] {taskinstance.py:1956} INFO - Dependencies all met for dep_context=non-requeueable deps ti=<TaskInstance: fetch_and_store_amazon_books.create_table manual__2025-02-13T10:33:01.817067+00:00 [queued]>
[2025-02-13T10:35:04.609+0000] {taskinstance.py:1956} INFO - Dependencies all met for dep_context=requeueable deps ti=<TaskInstance: fetch_and_store_amazon_books.create_table manual__2025-02-13T10:33:01.817067+00:00 [queued]>
[2025-02-13T10:35:04.609+0000] {taskinstance.py:2170} INFO - Starting attempt 1 of 2
[2025-02-13T10:35:04.616+0000] {taskinstance.py:2191} INFO - Executing <Task(PostgresOperator): create_table> on 2025-02-13 10:33:01.817067+00:00
[2025-02-13T10:35:04.619+0000] {standard_task_runner.py:60} INFO - Started process 331 to run task
[2025-02-13T10:35:04.620+0000] {standard_task_runner.py:87} INFO - Running: ['***', 'tasks', 'run', 'fetch_and_store_amazon_books', 'create_table', 'manual__2025-02-13T10:33:01.817067+00:00', '--job-id', '114', '--raw', '--subdir', 'DAGS_FOLDER/app.py', '--cfg-path', '/tmp/tmpi5liobgf']
[2025-02-13T10:35:04.621+0000] {standard_task_runner.py:88} INFO - Job 114: Subtask create_table
[2025-02-13T10:35:04.647+0000] {task_command.py:423} INFO - Running <TaskInstance: fetch_and_store_amazon_books.create_table manual__2025-02-13T10:33:01.817067+00:00 [running]> on host 7500ade24691
[2025-02-13T10:35:04.686+0000] {taskinstance.py:2480} INFO - Exporting env vars: AIRFLOW_CTX_DAG_OWNER='***' AIRFLOW_CTX_DAG_ID='fetch_and_store_amazon_books' AIRFLOW_CTX_TASK_ID='create_table' AIRFLOW_CTX_EXECUTION_DATE='2025-02-13T10:33:01.817067+00:00' AIRFLOW_CTX_TRY_NUMBER='1' AIRFLOW_CTX_DAG_RUN_ID='manual__2025-02-13T10:33:01.817067+00:00'
[2025-02-13T10:35:04.687+0000] {sql.py:276} INFO - Executing: 
        CREATE TABLE IF NOT EXISTS books (
            id SERIAL PRIMARY KEY,
            title VARCHAR(255) NOT NULL,
            authors VARCHAR(255),
            price NUMERIC(10,2),
            rating NUMERIC(3,1),
            created_at TIMESTAMP DEFAULT CURRENT_TIMESTAMP
        );
        
[2025-02-13T10:35:04.691+0000] {base.py:83} INFO - Using connection ID 'books_connection' for task execution.
[2025-02-13T10:35:04.694+0000] {base.py:83} INFO - Using connection ID 'books_connection' for task execution.
[2025-02-13T10:35:04.696+0000] {sql.py:450} INFO - Running statement: 
        CREATE TABLE IF NOT EXISTS books (
            id SERIAL PRIMARY KEY,
            title VARCHAR(255) NOT NULL,
            authors VARCHAR(255),
            price NUMERIC(10,2),
            rating NUMERIC(3,1),
            created_at TIMESTAMP DEFAULT CURRENT_TIMESTAMP
        );
        , parameters: None
[2025-02-13T10:35:04.700+0000] {taskinstance.py:1138} INFO - Marking task as SUCCESS. dag_id=fetch_and_store_amazon_books, task_id=create_table, execution_date=20250213T103301, start_date=20250213T103504, end_date=20250213T103504
[2025-02-13T10:35:04.721+0000] {local_task_job_runner.py:234} INFO - Task exited with return code 0
[2025-02-13T10:35:04.731+0000] {taskinstance.py:3280} INFO - 0 downstream tasks scheduled from follow-on schedule check
