[2025-02-13T10:30:01.706+0000] {taskinstance.py:1956} INFO - Dependencies all met for dep_context=non-requeueable deps ti=<TaskInstance: fetch_and_store_amazon_books.create_table manual__2025-02-13T10:22:37.289989+00:00 [queued]>
[2025-02-13T10:30:01.710+0000] {taskinstance.py:1956} INFO - Dependencies all met for dep_context=requeueable deps ti=<TaskInstance: fetch_and_store_amazon_books.create_table manual__2025-02-13T10:22:37.289989+00:00 [queued]>
[2025-02-13T10:30:01.710+0000] {taskinstance.py:2170} INFO - Starting attempt 2 of 2
[2025-02-13T10:30:01.718+0000] {taskinstance.py:2191} INFO - Executing <Task(PostgresOperator): create_table> on 2025-02-13 10:22:37.289989+00:00
[2025-02-13T10:30:01.723+0000] {standard_task_runner.py:60} INFO - Started process 244 to run task
[2025-02-13T10:30:01.725+0000] {standard_task_runner.py:87} INFO - Running: ['***', 'tasks', 'run', 'fetch_and_store_amazon_books', 'create_table', 'manual__2025-02-13T10:22:37.289989+00:00', '--job-id', '109', '--raw', '--subdir', 'DAGS_FOLDER/app.py', '--cfg-path', '/tmp/tmpkzsen01a']
[2025-02-13T10:30:01.726+0000] {standard_task_runner.py:88} INFO - Job 109: Subtask create_table
[2025-02-13T10:30:01.757+0000] {task_command.py:423} INFO - Running <TaskInstance: fetch_and_store_amazon_books.create_table manual__2025-02-13T10:22:37.289989+00:00 [running]> on host 7500ade24691
[2025-02-13T10:30:01.790+0000] {taskinstance.py:2480} INFO - Exporting env vars: AIRFLOW_CTX_DAG_OWNER='***' AIRFLOW_CTX_DAG_ID='fetch_and_store_amazon_books' AIRFLOW_CTX_TASK_ID='create_table' AIRFLOW_CTX_EXECUTION_DATE='2025-02-13T10:22:37.289989+00:00' AIRFLOW_CTX_TRY_NUMBER='2' AIRFLOW_CTX_DAG_RUN_ID='manual__2025-02-13T10:22:37.289989+00:00'
[2025-02-13T10:30:01.791+0000] {sql.py:276} INFO - Executing: 
        CREATE TABLE IF NOT EXISTS books (
            id SERIAL PRIMARY KEY,
            title TEXT NOT NULL,
            authors TEXT,
            price TEXT,
            rating TEXT
        );
        
[2025-02-13T10:30:01.794+0000] {base.py:83} INFO - Using connection ID 'books_connection' for task execution.
[2025-02-13T10:30:01.799+0000] {base.py:83} INFO - Using connection ID 'books_connection' for task execution.
[2025-02-13T10:30:01.802+0000] {sql.py:450} INFO - Running statement: 
        CREATE TABLE IF NOT EXISTS books (
            id SERIAL PRIMARY KEY,
            title TEXT NOT NULL,
            authors TEXT,
            price TEXT,
            rating TEXT
        );
        , parameters: None
[2025-02-13T10:30:01.807+0000] {taskinstance.py:1138} INFO - Marking task as SUCCESS. dag_id=fetch_and_store_amazon_books, task_id=create_table, execution_date=20250213T102237, start_date=20250213T103001, end_date=20250213T103001
[2025-02-13T10:30:01.822+0000] {local_task_job_runner.py:234} INFO - Task exited with return code 0
[2025-02-13T10:30:01.836+0000] {taskinstance.py:3280} INFO - 0 downstream tasks scheduled from follow-on schedule check
