[2025-02-13T10:26:51.621+0000] {taskinstance.py:1956} INFO - Dependencies all met for dep_context=non-requeueable deps ti=<TaskInstance: fetch_and_store_amazon_books.create_table manual__2025-02-13T10:22:52.792271+00:00 [queued]>
[2025-02-13T10:26:51.624+0000] {taskinstance.py:1956} INFO - Dependencies all met for dep_context=requeueable deps ti=<TaskInstance: fetch_and_store_amazon_books.create_table manual__2025-02-13T10:22:52.792271+00:00 [queued]>
[2025-02-13T10:26:51.625+0000] {taskinstance.py:2170} INFO - Starting attempt 2 of 3
[2025-02-13T10:26:51.630+0000] {taskinstance.py:2191} INFO - Executing <Task(PostgresOperator): create_table> on 2025-02-13 10:22:52.792271+00:00
[2025-02-13T10:26:51.633+0000] {standard_task_runner.py:60} INFO - Started process 176 to run task
[2025-02-13T10:26:51.634+0000] {standard_task_runner.py:87} INFO - Running: ['***', 'tasks', 'run', 'fetch_and_store_amazon_books', 'create_table', 'manual__2025-02-13T10:22:52.792271+00:00', '--job-id', '105', '--raw', '--subdir', 'DAGS_FOLDER/app.py', '--cfg-path', '/tmp/tmp1_1a18ub']
[2025-02-13T10:26:51.635+0000] {standard_task_runner.py:88} INFO - Job 105: Subtask create_table
[2025-02-13T10:26:51.655+0000] {task_command.py:423} INFO - Running <TaskInstance: fetch_and_store_amazon_books.create_table manual__2025-02-13T10:22:52.792271+00:00 [running]> on host 7500ade24691
[2025-02-13T10:26:51.686+0000] {taskinstance.py:2480} INFO - Exporting env vars: AIRFLOW_CTX_DAG_OWNER='***' AIRFLOW_CTX_DAG_ID='fetch_and_store_amazon_books' AIRFLOW_CTX_TASK_ID='create_table' AIRFLOW_CTX_EXECUTION_DATE='2025-02-13T10:22:52.792271+00:00' AIRFLOW_CTX_TRY_NUMBER='2' AIRFLOW_CTX_DAG_RUN_ID='manual__2025-02-13T10:22:52.792271+00:00'
[2025-02-13T10:26:51.686+0000] {sql.py:276} INFO - Executing: 
        CREATE TABLE IF NOT EXISTS books (
            id SERIAL PRIMARY KEY,
            title TEXT NOT NULL,
            authors TEXT,
            price TEXT,
            rating TEXT
        );
        
[2025-02-13T10:26:51.689+0000] {base.py:83} INFO - Using connection ID 'books_connection' for task execution.
[2025-02-13T10:26:51.692+0000] {base.py:83} INFO - Using connection ID 'books_connection' for task execution.
[2025-02-13T10:26:51.694+0000] {sql.py:450} INFO - Running statement: 
        CREATE TABLE IF NOT EXISTS books (
            id SERIAL PRIMARY KEY,
            title TEXT NOT NULL,
            authors TEXT,
            price TEXT,
            rating TEXT
        );
        , parameters: None
[2025-02-13T10:26:51.702+0000] {taskinstance.py:1138} INFO - Marking task as SUCCESS. dag_id=fetch_and_store_amazon_books, task_id=create_table, execution_date=20250213T102252, start_date=20250213T102651, end_date=20250213T102651
[2025-02-13T10:26:51.730+0000] {local_task_job_runner.py:234} INFO - Task exited with return code 0
[2025-02-13T10:26:51.739+0000] {taskinstance.py:3280} INFO - 0 downstream tasks scheduled from follow-on schedule check
